2021-04-05 15:31:25.598|I|Thread-2|(DELAYED) nexial-DEV starting up...
2021-04-05 15:31:25.604|I|Thread-2|(DELAYED) cleaning up outdated temp files...
2021-04-05 15:31:25.604|I|Thread-2|(DELAYED) data file resolved as C:\Users\AL3097\AppData\Local\Temp\pIzmQ\wrongTotalStepTally.data.xlsx
2021-04-05 15:31:25.604|I|Thread-2|(DELAYED) skipping data name in ROW 8 since it's disabled
2021-04-05 15:31:25.604|I|Thread-2|(DELAYED) skipping data name in ROW 8 since it's disabled
2021-04-05 15:31:25.604|I|Thread-2|(DELAYED) input files and output directory resolved...
2021-04-05 15:31:25.604|I|Thread-2|(DELAYED) No predefined nexial-setup found
2021-04-05 15:31:25.606|I|Thread-2|(DELAYED) re-fetching data from C:\projects\macro\artifact\data\wrongTotalStepTally.data.xlsx
2021-04-05 15:31:25.606|I|Thread-2|(DELAYED) skipping data name in ROW 8 since it's disabled
2021-04-05 15:31:25.606|I|Thread-2|(DELAYED) skipping data name in ROW 8 since it's disabled
2021-04-05 15:31:25.606|I|Thread-2|(DELAYED) [20210405_153123] [C:\projects\macro\artifact\script\wrongTotalStepTally.xlsx] resolve RUN ID as 20210405_153123
2021-04-05 15:31:25.606|I|Thread-2|(DELAYED) [20210405_153123] [C:\projects\macro\artifact\script\wrongTotalStepTally.xlsx] new thread started
2021-04-05 15:31:25.606|I|Thread-2|No predefined nexial-setup found
2021-04-05 15:31:26.368|I|Thread-2|outputBase not set; output-to-cloud DISABLED!
2021-04-05 15:31:26.368|I|Thread-2|accessKey not set; output-to-cloud DISABLED!
2021-04-05 15:31:26.368|I|Thread-2|secretKey not set; output-to-cloud DISABLED!
2021-04-05 15:31:26.950|I|Thread-2|missing REQUIRED configuration; sms DISABLED!
2021-04-05 15:31:27.732|I|Thread-2|On-Demand Inspection detection enabled
2021-04-05 15:31:27.733|I|Thread-2|[20210405_153123] executing C:\projects\macro\artifact\script\wrongTotalStepTally.xlsx with 1 iteration(s)
2021-04-05 15:31:27.736|I|Thread-2|[20210405_153123] create directory C:\projects\macro\output\20210405_153123\captures
2021-04-05 15:31:27.737|I|Thread-2|[20210405_153123] create directory C:\projects\macro\output\20210405_153123\logs
2021-04-05 15:31:28.068|I|Thread-2|[20210405_153123] merging test data to tmp file C:\projects\macro\output\20210405_153123\wrongTotalStepTally.20210405_153127.001.xlsx
2021-04-05 15:31:28.068|I|Thread-2|re-fetching data from C:\projects\macro\artifact\data\wrongTotalStepTally.data.xlsx
2021-04-05 15:31:28.163|I|Thread-2|skipping data name in ROW 8 since it's disabled
2021-04-05 15:31:28.313|I|Thread-2|skipping data name in ROW 8 since it's disabled
2021-04-05 15:31:28.649|I|Thread-2|[20210405_153123] test script and test data merged to C:\projects\macro\output\20210405_153123\wrongTotalStepTally.20210405_153127.001.xlsx
2021-04-05 15:31:29.304|I|Thread-2|STARTS
2021-04-05 15:31:29.315|I|Thread-2|skipping test step in ROW 5 since it's disabled
2021-04-05 15:31:29.362|I|Thread-2|wrongTotalStepTally.20210405_153127.001 - executing iteration #1 of 1; Iteration Id 1
2021-04-05 15:31:29.371|I|Thread-2|wrongTotalStepTally.20210405_153127.001|Scenario1 - executing test scenario
2021-04-05 15:31:29.372|I|Thread-2|wrongTotalStepTally.20210405_153127.001|Scenario1|Activity 1 - executing activity
2021-04-05 15:31:29.974|I|Thread-2|wrongTotalStepTally.20210405_153127.001|Scenario1|Activity 1|#  5|base.macro(file,sheet,nam - executing macro(file,sheet,name)(repeatUntil.xlsx, repeatUntilEx, addArray)
2021-04-05 15:31:29.979|I|Thread-2|evaluating flow control:	SkipIf(true = true)		=> MATCHED
2021-04-05 15:31:30.171|I|Thread-2|wrongTotalStepTally.20210405_153127.001|Scenario1|Activity 1|#  5|base.macro(file,sheet,nam - SKIPPED current step skipped: SkipIf(true)
2021-04-05 15:31:30.772|I|Thread-2|wrongTotalStepTally.20210405_153127.001|Scenario1|Activity 1|#  6|base.section(steps)       - executing section(steps)(2)
2021-04-05 15:31:30.781|I|Thread-2|wrongTotalStepTally.20210405_153127.001|Scenario1|Activity 1|#  6|base.section(steps)       - PASS null
2021-04-05 15:31:31.382|I|Thread-2|wrongTotalStepTally.20210405_153127.001|Scenario1|Activity 1|#  7|base.save(var,value)      - executing save(var,value)(count, 0)
2021-04-05 15:31:31.385|I|Thread-2|wrongTotalStepTally.20210405_153127.001|Scenario1|Activity 1|#  7|base.save(var,value)      - PASS stored '0' as ${count}
2021-04-05 15:31:31.985|I|Thread-2|wrongTotalStepTally.20210405_153127.001|Scenario1|Activity 1|#  8|base.repeatUntil(steps,ma - executing repeatUntil(steps,maxWaitMs)(4, -1)
2021-04-05 15:31:31.987|I|Thread-2|wrongTotalStepTally.20210405_153127.001|Scenario1|Activity 1|#  9|base.assertEqual(expected - 
<[repeat-until] entering loop #1 --------------------------------------------->
2021-04-05 15:31:31.988|I|Thread-2|wrongTotalStepTally.20210405_153127.001|Scenario1|Activity 1|#  9|base.assertEqual(expected - executing assertEqual(expected,actual)(${count}, 4)
2021-04-05 15:31:31.995|I|Thread-2|wrongTotalStepTally.20210405_153127.001|Scenario1|Activity 1|# 10|base.macro(file,sheet,nam - executing macro(file,sheet,name)(repeatUntil.xlsx, repeatUntilEx, addArray1)
2021-04-05 15:31:32.869|I|Thread-2|wrongTotalStepTally.20210405_153127.001|Scenario1|Activity 1 (addArray1)|# 16|base.save(var,value)      - executing save(var,value)(list1, Canada,Australia,USA,India,Russia,UK)
2021-04-05 15:31:32.869|I|Thread-2|wrongTotalStepTally.20210405_153127.001|Scenario1|Activity 1 (addArray1)|# 16|base.save(var,value)      - PASS stored 'Canada,Australia,USA,India,Russia,UK' as ${list1}
2021-04-05 15:31:33.471|I|Thread-2|wrongTotalStepTally.20210405_153127.001|Scenario1|Activity 1 (addArray1)|# 17|base.save(var,value)      - executing save(var,value)(countries, )
2021-04-05 15:31:33.472|I|Thread-2|wrongTotalStepTally.20210405_153127.001|Scenario1|Activity 1 (addArray1)|# 17|base.save(var,value)      - PASS stored '' as ${countries}
2021-04-05 15:31:34.074|I|Thread-2|wrongTotalStepTally.20210405_153127.001|Scenario1|Activity 1 (addArray1)|# 18|base.save(var,value)      - executing save(var,value)(size, $(array|length|list1))
2021-04-05 15:31:34.088|I|Thread-2|wrongTotalStepTally.20210405_153127.001|Scenario1|Activity 1 (addArray1)|# 18|base.save(var,value)      - PASS stored '1' as ${size}
2021-04-05 15:31:34.690|I|Thread-2|wrongTotalStepTally.20210405_153127.001|Scenario1|Activity 1 (addArray1)|# 19|base.section(steps)       - executing section(steps)(2)
2021-04-05 15:31:34.691|I|Thread-2|wrongTotalStepTally.20210405_153127.001|Scenario1|Activity 1 (addArray1)|# 19|base.section(steps)       - PASS null
2021-04-05 15:31:35.291|I|Thread-2|wrongTotalStepTally.20210405_153127.001|Scenario1|Activity 1 (addArray1)|# 20|base.save(var,value)      - executing save(var,value)(country, $(array|item|list1|1))
2021-04-05 15:31:35.293|I|Thread-2|wrongTotalStepTally.20210405_153127.001|Scenario1|Activity 1 (addArray1)|# 20|base.save(var,value)      - PASS stored '' as ${country}
2021-04-05 15:31:35.893|I|Thread-2|wrongTotalStepTally.20210405_153127.001|Scenario1|Activity 1 (addArray1)|# 21|base.section(steps)       - executing section(steps)(1)
2021-04-05 15:31:35.894|I|Thread-2|wrongTotalStepTally.20210405_153127.001|Scenario1|Activity 1 (addArray1)|# 21|base.section(steps)       - PASS null
2021-04-05 15:31:36.495|I|Thread-2|wrongTotalStepTally.20210405_153127.001|Scenario1|Activity 1 (addArray1)|# 22|base.verbose(text)        - executing verbose(text)(${country})
2021-04-05 15:31:36.495|I|Thread-2|wrongTotalStepTally.20210405_153127.001|Scenario1|Activity 1 (addArray1)|# 22|base.verbose(text)        - 

2021-04-05 15:31:36.496|I|Thread-2|wrongTotalStepTally.20210405_153127.001|Scenario1|Activity 1 (addArray1)|# 22|base.verbose(text)        - PASS 
2021-04-05 15:31:36.500|I|Thread-2|wrongTotalStepTally.20210405_153127.001|Scenario1|Activity 1|# 10|base.macro(file,sheet,nam - [repeat-until] PASS Macro successfully executed
2021-04-05 15:31:36.501|I|Thread-2|wrongTotalStepTally.20210405_153127.001|Scenario1|Activity 1|# 11|base.verbose(text)        - executing verbose(text)(Nothing is changed)
2021-04-05 15:31:36.502|I|Thread-2|wrongTotalStepTally.20210405_153127.001|Scenario1|Activity 1|# 11|base.verbose(text)        - 
Nothing is changed
2021-04-05 15:31:36.503|I|Thread-2|wrongTotalStepTally.20210405_153127.001|Scenario1|Activity 1|# 11|base.verbose(text)        - [repeat-until] PASS Nothing is changed
2021-04-05 15:31:36.504|I|Thread-2|wrongTotalStepTally.20210405_153127.001|Scenario1|Activity 1|# 12|number.increment(var,amou - executing increment(var,amount)(count, 1)
2021-04-05 15:31:36.514|I|Thread-2|wrongTotalStepTally.20210405_153127.001|Scenario1|Activity 1|# 12|number.increment(var,amou - [repeat-until] PASS incremented ${count} by 1 to 1
2021-04-05 15:31:36.515|I|Thread-2|wrongTotalStepTally.20210405_153127.001|Scenario1|Activity 1|#  9|base.assertEqual(expected - 
<[repeat-until] entering loop #2 --------------------------------------------->
2021-04-05 15:31:36.515|I|Thread-2|wrongTotalStepTally.20210405_153127.001|Scenario1|Activity 1|#  9|base.assertEqual(expected - executing assertEqual(expected,actual)(${count}, 4)
2021-04-05 15:31:36.518|I|Thread-2|wrongTotalStepTally.20210405_153127.001|Scenario1|Activity 1|# 10|base.macro(file,sheet,nam - executing macro(file,sheet,name)(repeatUntil.xlsx, repeatUntilEx, addArray1)
2021-04-05 15:31:37.346|I|Thread-2|wrongTotalStepTally.20210405_153127.001|Scenario1|Activity 1 (addArray1)|# 16|base.save(var,value)      - executing save(var,value)(list1, Canada,Australia,USA,India,Russia,UK)
2021-04-05 15:31:37.348|I|Thread-2|wrongTotalStepTally.20210405_153127.001|Scenario1|Activity 1 (addArray1)|# 16|base.save(var,value)      - PASS stored 'Canada,Australia,USA,India,Russia,UK' as ${list1}
2021-04-05 15:31:37.949|I|Thread-2|wrongTotalStepTally.20210405_153127.001|Scenario1|Activity 1 (addArray1)|# 17|base.save(var,value)      - executing save(var,value)(countries, )
2021-04-05 15:31:37.950|I|Thread-2|wrongTotalStepTally.20210405_153127.001|Scenario1|Activity 1 (addArray1)|# 17|base.save(var,value)      - PASS stored '' as ${countries}
2021-04-05 15:31:38.551|I|Thread-2|wrongTotalStepTally.20210405_153127.001|Scenario1|Activity 1 (addArray1)|# 18|base.save(var,value)      - executing save(var,value)(size, $(array|length|list1))
2021-04-05 15:31:38.554|I|Thread-2|wrongTotalStepTally.20210405_153127.001|Scenario1|Activity 1 (addArray1)|# 18|base.save(var,value)      - PASS stored '1' as ${size}
2021-04-05 15:31:39.156|I|Thread-2|wrongTotalStepTally.20210405_153127.001|Scenario1|Activity 1 (addArray1)|# 19|base.section(steps)       - executing section(steps)(2)
2021-04-05 15:31:39.156|I|Thread-2|wrongTotalStepTally.20210405_153127.001|Scenario1|Activity 1 (addArray1)|# 19|base.section(steps)       - PASS null
2021-04-05 15:31:39.756|I|Thread-2|wrongTotalStepTally.20210405_153127.001|Scenario1|Activity 1 (addArray1)|# 20|base.save(var,value)      - executing save(var,value)(country, $(array|item|list1|1))
2021-04-05 15:31:39.758|I|Thread-2|wrongTotalStepTally.20210405_153127.001|Scenario1|Activity 1 (addArray1)|# 20|base.save(var,value)      - PASS stored '' as ${country}
2021-04-05 15:31:40.358|I|Thread-2|wrongTotalStepTally.20210405_153127.001|Scenario1|Activity 1 (addArray1)|# 21|base.section(steps)       - executing section(steps)(1)
2021-04-05 15:31:40.359|I|Thread-2|wrongTotalStepTally.20210405_153127.001|Scenario1|Activity 1 (addArray1)|# 21|base.section(steps)       - PASS null
2021-04-05 15:31:40.959|I|Thread-2|wrongTotalStepTally.20210405_153127.001|Scenario1|Activity 1 (addArray1)|# 22|base.verbose(text)        - executing verbose(text)(${country})
2021-04-05 15:31:40.961|I|Thread-2|wrongTotalStepTally.20210405_153127.001|Scenario1|Activity 1 (addArray1)|# 22|base.verbose(text)        - 

2021-04-05 15:31:40.962|I|Thread-2|wrongTotalStepTally.20210405_153127.001|Scenario1|Activity 1 (addArray1)|# 22|base.verbose(text)        - PASS 
2021-04-05 15:31:40.963|I|Thread-2|wrongTotalStepTally.20210405_153127.001|Scenario1|Activity 1|# 10|base.macro(file,sheet,nam - [repeat-until] PASS Macro successfully executed
2021-04-05 15:31:40.964|I|Thread-2|wrongTotalStepTally.20210405_153127.001|Scenario1|Activity 1|# 11|base.verbose(text)        - executing verbose(text)(Nothing is changed)
2021-04-05 15:31:40.965|I|Thread-2|wrongTotalStepTally.20210405_153127.001|Scenario1|Activity 1|# 11|base.verbose(text)        - 
Nothing is changed
2021-04-05 15:31:40.966|I|Thread-2|wrongTotalStepTally.20210405_153127.001|Scenario1|Activity 1|# 11|base.verbose(text)        - [repeat-until] PASS Nothing is changed
2021-04-05 15:31:40.967|I|Thread-2|wrongTotalStepTally.20210405_153127.001|Scenario1|Activity 1|# 12|number.increment(var,amou - executing increment(var,amount)(count, 1)
2021-04-05 15:31:40.969|I|Thread-2|wrongTotalStepTally.20210405_153127.001|Scenario1|Activity 1|# 12|number.increment(var,amou - [repeat-until] PASS incremented ${count} by 1 to 2
2021-04-05 15:31:40.970|I|Thread-2|wrongTotalStepTally.20210405_153127.001|Scenario1|Activity 1|#  9|base.assertEqual(expected - 
<[repeat-until] entering loop #3 --------------------------------------------->
2021-04-05 15:31:40.970|I|Thread-2|wrongTotalStepTally.20210405_153127.001|Scenario1|Activity 1|#  9|base.assertEqual(expected - executing assertEqual(expected,actual)(${count}, 4)
2021-04-05 15:31:40.972|I|Thread-2|wrongTotalStepTally.20210405_153127.001|Scenario1|Activity 1|# 10|base.macro(file,sheet,nam - executing macro(file,sheet,name)(repeatUntil.xlsx, repeatUntilEx, addArray1)
2021-04-05 15:31:41.821|I|Thread-2|wrongTotalStepTally.20210405_153127.001|Scenario1|Activity 1 (addArray1)|# 16|base.save(var,value)      - executing save(var,value)(list1, Canada,Australia,USA,India,Russia,UK)
2021-04-05 15:31:41.822|I|Thread-2|wrongTotalStepTally.20210405_153127.001|Scenario1|Activity 1 (addArray1)|# 16|base.save(var,value)      - PASS stored 'Canada,Australia,USA,India,Russia,UK' as ${list1}
2021-04-05 15:31:42.423|I|Thread-2|wrongTotalStepTally.20210405_153127.001|Scenario1|Activity 1 (addArray1)|# 17|base.save(var,value)      - executing save(var,value)(countries, )
2021-04-05 15:31:42.424|I|Thread-2|wrongTotalStepTally.20210405_153127.001|Scenario1|Activity 1 (addArray1)|# 17|base.save(var,value)      - PASS stored '' as ${countries}
2021-04-05 15:31:43.025|I|Thread-2|wrongTotalStepTally.20210405_153127.001|Scenario1|Activity 1 (addArray1)|# 18|base.save(var,value)      - executing save(var,value)(size, $(array|length|list1))
2021-04-05 15:31:43.027|I|Thread-2|wrongTotalStepTally.20210405_153127.001|Scenario1|Activity 1 (addArray1)|# 18|base.save(var,value)      - PASS stored '1' as ${size}
2021-04-05 15:31:43.628|I|Thread-2|wrongTotalStepTally.20210405_153127.001|Scenario1|Activity 1 (addArray1)|# 19|base.section(steps)       - executing section(steps)(2)
2021-04-05 15:31:43.629|I|Thread-2|wrongTotalStepTally.20210405_153127.001|Scenario1|Activity 1 (addArray1)|# 19|base.section(steps)       - PASS null
2021-04-05 15:31:44.232|I|Thread-2|wrongTotalStepTally.20210405_153127.001|Scenario1|Activity 1 (addArray1)|# 20|base.save(var,value)      - executing save(var,value)(country, $(array|item|list1|1))
2021-04-05 15:31:44.233|I|Thread-2|wrongTotalStepTally.20210405_153127.001|Scenario1|Activity 1 (addArray1)|# 20|base.save(var,value)      - PASS stored '' as ${country}
2021-04-05 15:31:44.834|I|Thread-2|wrongTotalStepTally.20210405_153127.001|Scenario1|Activity 1 (addArray1)|# 21|base.section(steps)       - executing section(steps)(1)
2021-04-05 15:31:44.835|I|Thread-2|wrongTotalStepTally.20210405_153127.001|Scenario1|Activity 1 (addArray1)|# 21|base.section(steps)       - PASS null
2021-04-05 15:31:45.436|I|Thread-2|wrongTotalStepTally.20210405_153127.001|Scenario1|Activity 1 (addArray1)|# 22|base.verbose(text)        - executing verbose(text)(${country})
2021-04-05 15:31:45.437|I|Thread-2|wrongTotalStepTally.20210405_153127.001|Scenario1|Activity 1 (addArray1)|# 22|base.verbose(text)        - 

2021-04-05 15:31:45.438|I|Thread-2|wrongTotalStepTally.20210405_153127.001|Scenario1|Activity 1 (addArray1)|# 22|base.verbose(text)        - PASS 
2021-04-05 15:31:45.439|I|Thread-2|wrongTotalStepTally.20210405_153127.001|Scenario1|Activity 1|# 10|base.macro(file,sheet,nam - [repeat-until] PASS Macro successfully executed
2021-04-05 15:31:45.440|I|Thread-2|wrongTotalStepTally.20210405_153127.001|Scenario1|Activity 1|# 11|base.verbose(text)        - executing verbose(text)(Nothing is changed)
2021-04-05 15:31:45.441|I|Thread-2|wrongTotalStepTally.20210405_153127.001|Scenario1|Activity 1|# 11|base.verbose(text)        - 
Nothing is changed
2021-04-05 15:31:45.442|I|Thread-2|wrongTotalStepTally.20210405_153127.001|Scenario1|Activity 1|# 11|base.verbose(text)        - [repeat-until] PASS Nothing is changed
2021-04-05 15:31:45.443|I|Thread-2|wrongTotalStepTally.20210405_153127.001|Scenario1|Activity 1|# 12|number.increment(var,amou - executing increment(var,amount)(count, 1)
2021-04-05 15:31:45.445|I|Thread-2|wrongTotalStepTally.20210405_153127.001|Scenario1|Activity 1|# 12|number.increment(var,amou - [repeat-until] PASS incremented ${count} by 1 to 3
2021-04-05 15:31:45.446|I|Thread-2|wrongTotalStepTally.20210405_153127.001|Scenario1|Activity 1|#  9|base.assertEqual(expected - 
<[repeat-until] entering loop #4 --------------------------------------------->
2021-04-05 15:31:45.447|I|Thread-2|wrongTotalStepTally.20210405_153127.001|Scenario1|Activity 1|#  9|base.assertEqual(expected - executing assertEqual(expected,actual)(${count}, 4)
2021-04-05 15:31:45.449|I|Thread-2|wrongTotalStepTally.20210405_153127.001|Scenario1|Activity 1|# 10|base.macro(file,sheet,nam - executing macro(file,sheet,name)(repeatUntil.xlsx, repeatUntilEx, addArray1)
2021-04-05 15:31:46.257|I|Thread-2|wrongTotalStepTally.20210405_153127.001|Scenario1|Activity 1 (addArray1)|# 16|base.save(var,value)      - executing save(var,value)(list1, Canada,Australia,USA,India,Russia,UK)
2021-04-05 15:31:46.258|I|Thread-2|wrongTotalStepTally.20210405_153127.001|Scenario1|Activity 1 (addArray1)|# 16|base.save(var,value)      - PASS stored 'Canada,Australia,USA,India,Russia,UK' as ${list1}
2021-04-05 15:31:46.859|I|Thread-2|wrongTotalStepTally.20210405_153127.001|Scenario1|Activity 1 (addArray1)|# 17|base.save(var,value)      - executing save(var,value)(countries, )
2021-04-05 15:31:46.860|I|Thread-2|wrongTotalStepTally.20210405_153127.001|Scenario1|Activity 1 (addArray1)|# 17|base.save(var,value)      - PASS stored '' as ${countries}
2021-04-05 15:31:47.461|I|Thread-2|wrongTotalStepTally.20210405_153127.001|Scenario1|Activity 1 (addArray1)|# 18|base.save(var,value)      - executing save(var,value)(size, $(array|length|list1))
2021-04-05 15:31:47.463|I|Thread-2|wrongTotalStepTally.20210405_153127.001|Scenario1|Activity 1 (addArray1)|# 18|base.save(var,value)      - PASS stored '1' as ${size}
2021-04-05 15:31:48.064|I|Thread-2|wrongTotalStepTally.20210405_153127.001|Scenario1|Activity 1 (addArray1)|# 19|base.section(steps)       - executing section(steps)(2)
2021-04-05 15:31:48.065|I|Thread-2|wrongTotalStepTally.20210405_153127.001|Scenario1|Activity 1 (addArray1)|# 19|base.section(steps)       - PASS null
2021-04-05 15:31:48.666|I|Thread-2|wrongTotalStepTally.20210405_153127.001|Scenario1|Activity 1 (addArray1)|# 20|base.save(var,value)      - executing save(var,value)(country, $(array|item|list1|1))
2021-04-05 15:31:48.667|I|Thread-2|wrongTotalStepTally.20210405_153127.001|Scenario1|Activity 1 (addArray1)|# 20|base.save(var,value)      - PASS stored '' as ${country}
2021-04-05 15:31:49.269|I|Thread-2|wrongTotalStepTally.20210405_153127.001|Scenario1|Activity 1 (addArray1)|# 21|base.section(steps)       - executing section(steps)(1)
2021-04-05 15:31:49.270|I|Thread-2|wrongTotalStepTally.20210405_153127.001|Scenario1|Activity 1 (addArray1)|# 21|base.section(steps)       - PASS null
2021-04-05 15:31:49.870|I|Thread-2|wrongTotalStepTally.20210405_153127.001|Scenario1|Activity 1 (addArray1)|# 22|base.verbose(text)        - executing verbose(text)(${country})
2021-04-05 15:31:49.871|I|Thread-2|wrongTotalStepTally.20210405_153127.001|Scenario1|Activity 1 (addArray1)|# 22|base.verbose(text)        - 

2021-04-05 15:31:49.872|I|Thread-2|wrongTotalStepTally.20210405_153127.001|Scenario1|Activity 1 (addArray1)|# 22|base.verbose(text)        - PASS 
2021-04-05 15:31:49.873|I|Thread-2|wrongTotalStepTally.20210405_153127.001|Scenario1|Activity 1|# 10|base.macro(file,sheet,nam - [repeat-until] PASS Macro successfully executed
2021-04-05 15:31:49.874|I|Thread-2|wrongTotalStepTally.20210405_153127.001|Scenario1|Activity 1|# 11|base.verbose(text)        - executing verbose(text)(Nothing is changed)
2021-04-05 15:31:49.875|I|Thread-2|wrongTotalStepTally.20210405_153127.001|Scenario1|Activity 1|# 11|base.verbose(text)        - 
Nothing is changed
2021-04-05 15:31:49.876|I|Thread-2|wrongTotalStepTally.20210405_153127.001|Scenario1|Activity 1|# 11|base.verbose(text)        - [repeat-until] PASS Nothing is changed
2021-04-05 15:31:49.877|I|Thread-2|wrongTotalStepTally.20210405_153127.001|Scenario1|Activity 1|# 12|number.increment(var,amou - executing increment(var,amount)(count, 1)
2021-04-05 15:31:49.879|I|Thread-2|wrongTotalStepTally.20210405_153127.001|Scenario1|Activity 1|# 12|number.increment(var,amou - [repeat-until] PASS incremented ${count} by 1 to 4
2021-04-05 15:31:49.880|I|Thread-2|wrongTotalStepTally.20210405_153127.001|Scenario1|Activity 1|#  9|base.assertEqual(expected - 
<[repeat-until] entering loop #5 --------------------------------------------->
2021-04-05 15:31:49.880|I|Thread-2|wrongTotalStepTally.20210405_153127.001|Scenario1|Activity 1|#  9|base.assertEqual(expected - executing assertEqual(expected,actual)(${count}, 4)
2021-04-05 15:31:49.886|I|Thread-2|wrongTotalStepTally.20210405_153127.001|Scenario1|Activity 1|#  8|base.repeatUntil(steps,ma - PASS repeat-until execution completed
2021-04-05 15:31:49.892|I|Thread-2|wrongTotalStepTally.20210405_153127.001|Scenario1|Activity 1 - ending activity
2021-04-05 15:31:50.294|I|Thread-2|[wrongTotalStepTally.20210405_153127.001|Scenario1] saving test scenario
2021-04-05 15:31:50.422|I|Thread-2|[20210405_153123] 
/-ITERATION COMPLETE------------------------------------------------------------
| Test Output:    C:\projects\macro\output\20210405_153123\wrongTotalStepTally.20210405_153127.001.xlsx
| Iteration:      1
\-------------------------------------------------------------------------------
» Execution Time: 21059 ms
» Test Steps:     3
» Error(s):       0



2021-04-05 15:31:52.005|I|Thread-2|[20210405_153123] 
/-SCRIPT COMPLETE---------------------------------------------------------------
| Test Script:    C:\projects\macro\artifact\script\wrongTotalStepTally.xlsx
\-------------------------------------------------------------------------------
» Execution Time: 26697 ms
» Iterations:     [1] total 1
» Test Steps:     3
» Passed:         3
» Error(s):       0
» Iteration 1 of 1: C:\projects\macro\output\20210405_153123\wrongTotalStepTally.20210405_153127.001.xlsx



2021-04-05 15:31:52.006|I|Thread-2|nexial mailer not enabled: nexial.enableEmail=false
2021-04-05 15:31:52.340|I|main|[20210405_153123] [C:\projects\macro\artifact\script\wrongTotalStepTally.xlsx] now completed
2021-04-05 15:31:52.341|I|main|[20210405_153123] all execution thread(s) have terminated
2021-04-05 15:31:52.341|I|main|[20210405_153123] test run completed in about 29 seconds
2021-04-05 15:31:52.475|I|main|No predefined nexial-setup found
2021-04-05 15:31:52.496|I|main|outputBase not set; output-to-cloud DISABLED!
2021-04-05 15:31:52.497|I|main|accessKey not set; output-to-cloud DISABLED!
2021-04-05 15:31:52.497|I|main|secretKey not set; output-to-cloud DISABLED!
2021-04-05 15:31:52.497|I|main|generating HTML output for this execution to C:\projects\macro\output\20210405_153123\execution-output.html
2021-04-05 15:31:54.121|I|main|generating JUnit XML output for this execution to C:\projects\macro\output\20210405_153123\junit.xml
2021-04-05 15:31:54.176|I|main|generated JUnit report for this execution: C:\projects\macro\output\20210405_153123\junit.xml
2021-04-05 15:31:54.180|I|main|nexial mailer not enabled: nexial.enableEmail=false
2021-04-05 15:31:54.180|I|main|skipped email notification as configured
2021-04-05 15:31:54.180|I|main|exiting Nexial...
2021-04-05 15:31:54.180|I|main|shutdown starts...
2021-04-05 15:31:54.180|I|main|shutdown ends...
2021-04-05 15:31:54.181|I|main|

/-END OF EXECUTION--------------------------------------------------------------
| » Execution Time: 27 sec.
| » Test Steps....: 3
| » Passed........: 3
| » Failed........: 0
| » Success Rate..: 100.00%
\--------------------------------------------------------------------nexial-DEV-

2021-04-05 15:31:54.181|I|main|ALL PASSED!
2021-04-05 15:31:54.181|I|main|End of Execution:
NEXIAL_OUTPUT:         C:\projects\macro\output\20210405_153123
NEXIAL_EXECUTION_HTML: C:\projects\macro\output\20210405_153123\execution-output.html
NEXIAL_JUNIT_XML:      C:\projects\macro\output\20210405_153123\junit.xml
NEXIAL_SUCCESS_RATE:   100.00%
NEXIAL_EXIT_STATUS:    0
