2021-04-05 15:49:18.277|I|Thread-2|(DELAYED) nexial-DEV starting up...
2021-04-05 15:49:18.283|I|Thread-2|(DELAYED) cleaning up outdated temp files...
2021-04-05 15:49:18.283|I|Thread-2|(DELAYED) data file resolved as C:\Users\AL3097\AppData\Local\Temp\JaEMU\wrongTotalStepTally.data.xlsx
2021-04-05 15:49:18.283|I|Thread-2|(DELAYED) skipping data name in ROW 8 since it's disabled
2021-04-05 15:49:18.283|I|Thread-2|(DELAYED) skipping data name in ROW 8 since it's disabled
2021-04-05 15:49:18.283|I|Thread-2|(DELAYED) input files and output directory resolved...
2021-04-05 15:49:18.283|I|Thread-2|(DELAYED) No predefined nexial-setup found
2021-04-05 15:49:18.285|I|Thread-2|(DELAYED) re-fetching data from C:\projects\macro\artifact\data\wrongTotalStepTally.data.xlsx
2021-04-05 15:49:18.285|I|Thread-2|(DELAYED) skipping data name in ROW 8 since it's disabled
2021-04-05 15:49:18.285|I|Thread-2|(DELAYED) skipping data name in ROW 8 since it's disabled
2021-04-05 15:49:18.285|I|Thread-2|(DELAYED) [20210405_154915] [C:\projects\macro\artifact\script\wrongTotalStepTally.xlsx] resolve RUN ID as 20210405_154915
2021-04-05 15:49:18.285|I|Thread-2|(DELAYED) [20210405_154915] [C:\projects\macro\artifact\script\wrongTotalStepTally.xlsx] new thread started
2021-04-05 15:49:18.285|I|Thread-2|No predefined nexial-setup found
2021-04-05 15:49:19.106|I|Thread-2|outputBase not set; output-to-cloud DISABLED!
2021-04-05 15:49:19.106|I|Thread-2|accessKey not set; output-to-cloud DISABLED!
2021-04-05 15:49:19.106|I|Thread-2|secretKey not set; output-to-cloud DISABLED!
2021-04-05 15:49:19.687|I|Thread-2|missing REQUIRED configuration; sms DISABLED!
2021-04-05 15:49:20.617|I|Thread-2|On-Demand Inspection detection enabled
2021-04-05 15:49:20.618|I|Thread-2|[20210405_154915] executing C:\projects\macro\artifact\script\wrongTotalStepTally.xlsx with 1 iteration(s)
2021-04-05 15:49:20.622|I|Thread-2|[20210405_154915] create directory C:\projects\macro\output\20210405_154915\captures
2021-04-05 15:49:20.623|I|Thread-2|[20210405_154915] create directory C:\projects\macro\output\20210405_154915\logs
2021-04-05 15:49:20.971|I|Thread-2|[20210405_154915] merging test data to tmp file C:\projects\macro\output\20210405_154915\wrongTotalStepTally.20210405_154920.001.xlsx
2021-04-05 15:49:20.972|I|Thread-2|re-fetching data from C:\projects\macro\artifact\data\wrongTotalStepTally.data.xlsx
2021-04-05 15:49:21.059|I|Thread-2|skipping data name in ROW 8 since it's disabled
2021-04-05 15:49:21.207|I|Thread-2|skipping data name in ROW 8 since it's disabled
2021-04-05 15:49:21.556|I|Thread-2|[20210405_154915] test script and test data merged to C:\projects\macro\output\20210405_154915\wrongTotalStepTally.20210405_154920.001.xlsx
2021-04-05 15:49:22.266|I|Thread-2|STARTS
2021-04-05 15:49:22.278|I|Thread-2|skipping test step in ROW 5 since it's disabled
2021-04-05 15:49:22.321|I|Thread-2|wrongTotalStepTally.20210405_154920.001 - executing iteration #1 of 1; Iteration Id 1
2021-04-05 15:49:22.329|I|Thread-2|wrongTotalStepTally.20210405_154920.001|Scenario1 - executing test scenario
2021-04-05 15:49:22.329|I|Thread-2|wrongTotalStepTally.20210405_154920.001|Scenario1|Activity 1 - executing activity
2021-04-05 15:49:22.930|I|Thread-2|wrongTotalStepTally.20210405_154920.001|Scenario1|Activity 1|#  5|base.macro(file,sheet,nam - executing macro(file,sheet,name)(repeatUntil.xlsx, repeatUntilEx, addArray)
2021-04-05 15:49:22.932|I|Thread-2|evaluating flow control:	SkipIf(true = true)		=> MATCHED
2021-04-05 15:49:23.107|I|Thread-2|wrongTotalStepTally.20210405_154920.001|Scenario1|Activity 1|#  5|base.macro(file,sheet,nam - SKIPPED current step skipped: SkipIf(true)
2021-04-05 15:49:23.708|I|Thread-2|wrongTotalStepTally.20210405_154920.001|Scenario1|Activity 1|#  6|base.section(steps)       - executing section(steps)(2)
2021-04-05 15:49:23.728|I|Thread-2|wrongTotalStepTally.20210405_154920.001|Scenario1|Activity 1|#  6|base.section(steps)       - PASS null
2021-04-05 15:49:24.331|I|Thread-2|wrongTotalStepTally.20210405_154920.001|Scenario1|Activity 1|#  7|base.save(var,value)      - executing save(var,value)(count, 0)
2021-04-05 15:49:24.338|I|Thread-2|wrongTotalStepTally.20210405_154920.001|Scenario1|Activity 1|#  7|base.save(var,value)      - PASS stored '0' as ${count}
2021-04-05 15:49:24.941|I|Thread-2|wrongTotalStepTally.20210405_154920.001|Scenario1|Activity 1|#  8|base.repeatUntil(steps,ma - executing repeatUntil(steps,maxWaitMs)(4, -1)
2021-04-05 15:49:24.944|I|Thread-2|wrongTotalStepTally.20210405_154920.001|Scenario1|Activity 1|#  9|base.assertEqual(expected - 
<[repeat-until] entering loop #1 --------------------------------------------->
2021-04-05 15:49:24.945|I|Thread-2|wrongTotalStepTally.20210405_154920.001|Scenario1|Activity 1|#  9|base.assertEqual(expected - executing assertEqual(expected,actual)(${count}, 4)
2021-04-05 15:49:24.951|I|Thread-2|wrongTotalStepTally.20210405_154920.001|Scenario1|Activity 1|# 10|base.macro(file,sheet,nam - executing macro(file,sheet,name)(repeatUntil.xlsx, repeatUntilEx, addArray1)
2021-04-05 15:49:25.802|I|Thread-2|wrongTotalStepTally.20210405_154920.001|Scenario1|Activity 1 (addArray1)|# 16|base.save(var,value)      - executing save(var,value)(list1, Canada,Australia,USA,India,Russia,UK)
2021-04-05 15:49:25.802|I|Thread-2|wrongTotalStepTally.20210405_154920.001|Scenario1|Activity 1 (addArray1)|# 16|base.save(var,value)      - PASS stored 'Canada,Australia,USA,India,Russia,UK' as ${list1}
2021-04-05 15:49:26.402|I|Thread-2|wrongTotalStepTally.20210405_154920.001|Scenario1|Activity 1 (addArray1)|# 17|base.save(var,value)      - executing save(var,value)(countries, )
2021-04-05 15:49:26.402|I|Thread-2|wrongTotalStepTally.20210405_154920.001|Scenario1|Activity 1 (addArray1)|# 17|base.save(var,value)      - PASS stored '' as ${countries}
2021-04-05 15:49:27.003|I|Thread-2|wrongTotalStepTally.20210405_154920.001|Scenario1|Activity 1 (addArray1)|# 18|base.save(var,value)      - executing save(var,value)(size, $(array|length|list1))
2021-04-05 15:49:27.018|I|Thread-2|wrongTotalStepTally.20210405_154920.001|Scenario1|Activity 1 (addArray1)|# 18|base.save(var,value)      - PASS stored '1' as ${size}
2021-04-05 15:49:27.619|I|Thread-2|wrongTotalStepTally.20210405_154920.001|Scenario1|Activity 1 (addArray1)|# 19|base.verbose(text)        - executing verbose(text)(${size})
2021-04-05 15:49:27.621|I|Thread-2|wrongTotalStepTally.20210405_154920.001|Scenario1|Activity 1 (addArray1)|# 19|base.verbose(text)        - 
1
2021-04-05 15:49:27.622|I|Thread-2|wrongTotalStepTally.20210405_154920.001|Scenario1|Activity 1 (addArray1)|# 19|base.verbose(text)        - PASS 
2021-04-05 15:49:28.223|I|Thread-2|wrongTotalStepTally.20210405_154920.001|Scenario1|Activity 1 (addArray1)|# 20|base.section(steps)       - executing section(steps)(2)
2021-04-05 15:49:28.224|I|Thread-2|evaluating flow control:	ProceedIf(false = false)		=> NOT MATCHED
2021-04-05 15:49:28.225|I|Thread-2|wrongTotalStepTally.20210405_154920.001|Scenario1|Activity 1 (addArray1)|# 20|base.section(steps)       - SKIPPED current step skipped: NOT TRUE(false)
2021-04-05 15:49:28.233|I|Thread-2|wrongTotalStepTally.20210405_154920.001|Scenario1|Activity 1 (addArray1)|# 21|base.save(var,value)      - SKIPPED current step skipped due to the enclosing section command being skipped
2021-04-05 15:49:28.241|I|Thread-2|wrongTotalStepTally.20210405_154920.001|Scenario1|Activity 1 (addArray1)|# 22|base.section(steps)       - SKIPPED current step skipped due to the enclosing section command being skipped
2021-04-05 15:49:28.248|I|Thread-2|wrongTotalStepTally.20210405_154920.001|Scenario1|Activity 1 (addArray1)|# 23|base.verbose(text)        - SKIPPED current step skipped due to the enclosing section command being skipped
2021-04-05 15:49:28.253|I|Thread-2|wrongTotalStepTally.20210405_154920.001|Scenario1|Activity 1|# 10|base.macro(file,sheet,nam - [repeat-until] PASS Macro successfully executed
2021-04-05 15:49:28.255|I|Thread-2|wrongTotalStepTally.20210405_154920.001|Scenario1|Activity 1|# 11|base.verbose(text)        - executing verbose(text)(Nothing is changed)
2021-04-05 15:49:28.257|I|Thread-2|wrongTotalStepTally.20210405_154920.001|Scenario1|Activity 1|# 11|base.verbose(text)        - 
Nothing is changed
2021-04-05 15:49:28.258|I|Thread-2|wrongTotalStepTally.20210405_154920.001|Scenario1|Activity 1|# 11|base.verbose(text)        - [repeat-until] PASS Nothing is changed
2021-04-05 15:49:28.259|I|Thread-2|wrongTotalStepTally.20210405_154920.001|Scenario1|Activity 1|# 12|number.increment(var,amou - executing increment(var,amount)(count, 1)
2021-04-05 15:49:28.263|I|Thread-2|wrongTotalStepTally.20210405_154920.001|Scenario1|Activity 1|# 12|number.increment(var,amou - [repeat-until] PASS incremented ${count} by 1 to 1
2021-04-05 15:49:28.264|I|Thread-2|wrongTotalStepTally.20210405_154920.001|Scenario1|Activity 1|#  9|base.assertEqual(expected - 
<[repeat-until] entering loop #2 --------------------------------------------->
2021-04-05 15:49:28.264|I|Thread-2|wrongTotalStepTally.20210405_154920.001|Scenario1|Activity 1|#  9|base.assertEqual(expected - executing assertEqual(expected,actual)(${count}, 4)
2021-04-05 15:49:28.266|I|Thread-2|wrongTotalStepTally.20210405_154920.001|Scenario1|Activity 1|# 10|base.macro(file,sheet,nam - executing macro(file,sheet,name)(repeatUntil.xlsx, repeatUntilEx, addArray1)
2021-04-05 15:49:29.067|I|Thread-2|wrongTotalStepTally.20210405_154920.001|Scenario1|Activity 1 (addArray1)|# 16|base.save(var,value)      - executing save(var,value)(list1, Canada,Australia,USA,India,Russia,UK)
2021-04-05 15:49:29.069|I|Thread-2|wrongTotalStepTally.20210405_154920.001|Scenario1|Activity 1 (addArray1)|# 16|base.save(var,value)      - PASS stored 'Canada,Australia,USA,India,Russia,UK' as ${list1}
2021-04-05 15:49:29.669|I|Thread-2|wrongTotalStepTally.20210405_154920.001|Scenario1|Activity 1 (addArray1)|# 17|base.save(var,value)      - executing save(var,value)(countries, )
2021-04-05 15:49:29.670|I|Thread-2|wrongTotalStepTally.20210405_154920.001|Scenario1|Activity 1 (addArray1)|# 17|base.save(var,value)      - PASS stored '' as ${countries}
2021-04-05 15:49:30.271|I|Thread-2|wrongTotalStepTally.20210405_154920.001|Scenario1|Activity 1 (addArray1)|# 18|base.save(var,value)      - executing save(var,value)(size, $(array|length|list1))
2021-04-05 15:49:30.273|I|Thread-2|wrongTotalStepTally.20210405_154920.001|Scenario1|Activity 1 (addArray1)|# 18|base.save(var,value)      - PASS stored '1' as ${size}
2021-04-05 15:49:30.875|I|Thread-2|wrongTotalStepTally.20210405_154920.001|Scenario1|Activity 1 (addArray1)|# 19|base.verbose(text)        - executing verbose(text)(${size})
2021-04-05 15:49:30.876|I|Thread-2|wrongTotalStepTally.20210405_154920.001|Scenario1|Activity 1 (addArray1)|# 19|base.verbose(text)        - 
1
2021-04-05 15:49:30.877|I|Thread-2|wrongTotalStepTally.20210405_154920.001|Scenario1|Activity 1 (addArray1)|# 19|base.verbose(text)        - PASS 
2021-04-05 15:49:31.477|I|Thread-2|wrongTotalStepTally.20210405_154920.001|Scenario1|Activity 1 (addArray1)|# 20|base.section(steps)       - executing section(steps)(2)
2021-04-05 15:49:31.478|I|Thread-2|evaluating flow control:	ProceedIf(false = false)		=> NOT MATCHED
2021-04-05 15:49:31.478|I|Thread-2|wrongTotalStepTally.20210405_154920.001|Scenario1|Activity 1 (addArray1)|# 20|base.section(steps)       - SKIPPED current step skipped: NOT TRUE(false)
2021-04-05 15:49:31.487|I|Thread-2|wrongTotalStepTally.20210405_154920.001|Scenario1|Activity 1 (addArray1)|# 21|base.save(var,value)      - SKIPPED current step skipped due to the enclosing section command being skipped
2021-04-05 15:49:31.494|I|Thread-2|wrongTotalStepTally.20210405_154920.001|Scenario1|Activity 1 (addArray1)|# 22|base.section(steps)       - SKIPPED current step skipped due to the enclosing section command being skipped
2021-04-05 15:49:31.498|I|Thread-2|wrongTotalStepTally.20210405_154920.001|Scenario1|Activity 1 (addArray1)|# 23|base.verbose(text)        - SKIPPED current step skipped due to the enclosing section command being skipped
2021-04-05 15:49:31.500|I|Thread-2|wrongTotalStepTally.20210405_154920.001|Scenario1|Activity 1|# 10|base.macro(file,sheet,nam - [repeat-until] PASS Macro successfully executed
2021-04-05 15:49:31.501|I|Thread-2|wrongTotalStepTally.20210405_154920.001|Scenario1|Activity 1|# 11|base.verbose(text)        - executing verbose(text)(Nothing is changed)
2021-04-05 15:49:31.502|I|Thread-2|wrongTotalStepTally.20210405_154920.001|Scenario1|Activity 1|# 11|base.verbose(text)        - 
Nothing is changed
2021-04-05 15:49:31.503|I|Thread-2|wrongTotalStepTally.20210405_154920.001|Scenario1|Activity 1|# 11|base.verbose(text)        - [repeat-until] PASS Nothing is changed
2021-04-05 15:49:31.504|I|Thread-2|wrongTotalStepTally.20210405_154920.001|Scenario1|Activity 1|# 12|number.increment(var,amou - executing increment(var,amount)(count, 1)
2021-04-05 15:49:31.506|I|Thread-2|wrongTotalStepTally.20210405_154920.001|Scenario1|Activity 1|# 12|number.increment(var,amou - [repeat-until] PASS incremented ${count} by 1 to 2
2021-04-05 15:49:31.508|I|Thread-2|wrongTotalStepTally.20210405_154920.001|Scenario1|Activity 1|#  9|base.assertEqual(expected - 
<[repeat-until] entering loop #3 --------------------------------------------->
2021-04-05 15:49:31.508|I|Thread-2|wrongTotalStepTally.20210405_154920.001|Scenario1|Activity 1|#  9|base.assertEqual(expected - executing assertEqual(expected,actual)(${count}, 4)
2021-04-05 15:49:31.510|I|Thread-2|wrongTotalStepTally.20210405_154920.001|Scenario1|Activity 1|# 10|base.macro(file,sheet,nam - executing macro(file,sheet,name)(repeatUntil.xlsx, repeatUntilEx, addArray1)
2021-04-05 15:49:32.367|I|Thread-2|wrongTotalStepTally.20210405_154920.001|Scenario1|Activity 1 (addArray1)|# 16|base.save(var,value)      - executing save(var,value)(list1, Canada,Australia,USA,India,Russia,UK)
2021-04-05 15:49:32.369|I|Thread-2|wrongTotalStepTally.20210405_154920.001|Scenario1|Activity 1 (addArray1)|# 16|base.save(var,value)      - PASS stored 'Canada,Australia,USA,India,Russia,UK' as ${list1}
2021-04-05 15:49:32.969|I|Thread-2|wrongTotalStepTally.20210405_154920.001|Scenario1|Activity 1 (addArray1)|# 17|base.save(var,value)      - executing save(var,value)(countries, )
2021-04-05 15:49:32.970|I|Thread-2|wrongTotalStepTally.20210405_154920.001|Scenario1|Activity 1 (addArray1)|# 17|base.save(var,value)      - PASS stored '' as ${countries}
2021-04-05 15:49:33.572|I|Thread-2|wrongTotalStepTally.20210405_154920.001|Scenario1|Activity 1 (addArray1)|# 18|base.save(var,value)      - executing save(var,value)(size, $(array|length|list1))
2021-04-05 15:49:33.573|I|Thread-2|wrongTotalStepTally.20210405_154920.001|Scenario1|Activity 1 (addArray1)|# 18|base.save(var,value)      - PASS stored '1' as ${size}
2021-04-05 15:49:34.175|I|Thread-2|wrongTotalStepTally.20210405_154920.001|Scenario1|Activity 1 (addArray1)|# 19|base.verbose(text)        - executing verbose(text)(${size})
2021-04-05 15:49:34.176|I|Thread-2|wrongTotalStepTally.20210405_154920.001|Scenario1|Activity 1 (addArray1)|# 19|base.verbose(text)        - 
1
2021-04-05 15:49:34.177|I|Thread-2|wrongTotalStepTally.20210405_154920.001|Scenario1|Activity 1 (addArray1)|# 19|base.verbose(text)        - PASS 
2021-04-05 15:49:34.778|I|Thread-2|wrongTotalStepTally.20210405_154920.001|Scenario1|Activity 1 (addArray1)|# 20|base.section(steps)       - executing section(steps)(2)
2021-04-05 15:49:34.779|I|Thread-2|evaluating flow control:	ProceedIf(false = false)		=> NOT MATCHED
2021-04-05 15:49:34.779|I|Thread-2|wrongTotalStepTally.20210405_154920.001|Scenario1|Activity 1 (addArray1)|# 20|base.section(steps)       - SKIPPED current step skipped: NOT TRUE(false)
2021-04-05 15:49:34.791|I|Thread-2|wrongTotalStepTally.20210405_154920.001|Scenario1|Activity 1 (addArray1)|# 21|base.save(var,value)      - SKIPPED current step skipped due to the enclosing section command being skipped
2021-04-05 15:49:34.796|I|Thread-2|wrongTotalStepTally.20210405_154920.001|Scenario1|Activity 1 (addArray1)|# 22|base.section(steps)       - SKIPPED current step skipped due to the enclosing section command being skipped
2021-04-05 15:49:34.801|I|Thread-2|wrongTotalStepTally.20210405_154920.001|Scenario1|Activity 1 (addArray1)|# 23|base.verbose(text)        - SKIPPED current step skipped due to the enclosing section command being skipped
2021-04-05 15:49:34.803|I|Thread-2|wrongTotalStepTally.20210405_154920.001|Scenario1|Activity 1|# 10|base.macro(file,sheet,nam - [repeat-until] PASS Macro successfully executed
2021-04-05 15:49:34.804|I|Thread-2|wrongTotalStepTally.20210405_154920.001|Scenario1|Activity 1|# 11|base.verbose(text)        - executing verbose(text)(Nothing is changed)
2021-04-05 15:49:34.806|I|Thread-2|wrongTotalStepTally.20210405_154920.001|Scenario1|Activity 1|# 11|base.verbose(text)        - 
Nothing is changed
2021-04-05 15:49:34.808|I|Thread-2|wrongTotalStepTally.20210405_154920.001|Scenario1|Activity 1|# 11|base.verbose(text)        - [repeat-until] PASS Nothing is changed
2021-04-05 15:49:34.809|I|Thread-2|wrongTotalStepTally.20210405_154920.001|Scenario1|Activity 1|# 12|number.increment(var,amou - executing increment(var,amount)(count, 1)
2021-04-05 15:49:34.812|I|Thread-2|wrongTotalStepTally.20210405_154920.001|Scenario1|Activity 1|# 12|number.increment(var,amou - [repeat-until] PASS incremented ${count} by 1 to 3
2021-04-05 15:49:34.813|I|Thread-2|wrongTotalStepTally.20210405_154920.001|Scenario1|Activity 1|#  9|base.assertEqual(expected - 
<[repeat-until] entering loop #4 --------------------------------------------->
2021-04-05 15:49:34.817|I|Thread-2|wrongTotalStepTally.20210405_154920.001|Scenario1|Activity 1|#  9|base.assertEqual(expected - executing assertEqual(expected,actual)(${count}, 4)
2021-04-05 15:49:34.820|I|Thread-2|wrongTotalStepTally.20210405_154920.001|Scenario1|Activity 1|# 10|base.macro(file,sheet,nam - executing macro(file,sheet,name)(repeatUntil.xlsx, repeatUntilEx, addArray1)
2021-04-05 15:49:35.626|I|Thread-2|wrongTotalStepTally.20210405_154920.001|Scenario1|Activity 1 (addArray1)|# 16|base.save(var,value)      - executing save(var,value)(list1, Canada,Australia,USA,India,Russia,UK)
2021-04-05 15:49:35.629|I|Thread-2|wrongTotalStepTally.20210405_154920.001|Scenario1|Activity 1 (addArray1)|# 16|base.save(var,value)      - PASS stored 'Canada,Australia,USA,India,Russia,UK' as ${list1}
2021-04-05 15:49:36.230|I|Thread-2|wrongTotalStepTally.20210405_154920.001|Scenario1|Activity 1 (addArray1)|# 17|base.save(var,value)      - executing save(var,value)(countries, )
2021-04-05 15:49:36.231|I|Thread-2|wrongTotalStepTally.20210405_154920.001|Scenario1|Activity 1 (addArray1)|# 17|base.save(var,value)      - PASS stored '' as ${countries}
2021-04-05 15:49:36.831|I|Thread-2|wrongTotalStepTally.20210405_154920.001|Scenario1|Activity 1 (addArray1)|# 18|base.save(var,value)      - executing save(var,value)(size, $(array|length|list1))
2021-04-05 15:49:36.833|I|Thread-2|wrongTotalStepTally.20210405_154920.001|Scenario1|Activity 1 (addArray1)|# 18|base.save(var,value)      - PASS stored '1' as ${size}
2021-04-05 15:49:37.433|I|Thread-2|wrongTotalStepTally.20210405_154920.001|Scenario1|Activity 1 (addArray1)|# 19|base.verbose(text)        - executing verbose(text)(${size})
2021-04-05 15:49:37.434|I|Thread-2|wrongTotalStepTally.20210405_154920.001|Scenario1|Activity 1 (addArray1)|# 19|base.verbose(text)        - 
1
2021-04-05 15:49:37.435|I|Thread-2|wrongTotalStepTally.20210405_154920.001|Scenario1|Activity 1 (addArray1)|# 19|base.verbose(text)        - PASS 
2021-04-05 15:49:38.037|I|Thread-2|wrongTotalStepTally.20210405_154920.001|Scenario1|Activity 1 (addArray1)|# 20|base.section(steps)       - executing section(steps)(2)
2021-04-05 15:49:38.038|I|Thread-2|evaluating flow control:	ProceedIf(false = false)		=> NOT MATCHED
2021-04-05 15:49:38.038|I|Thread-2|wrongTotalStepTally.20210405_154920.001|Scenario1|Activity 1 (addArray1)|# 20|base.section(steps)       - SKIPPED current step skipped: NOT TRUE(false)
2021-04-05 15:49:38.047|I|Thread-2|wrongTotalStepTally.20210405_154920.001|Scenario1|Activity 1 (addArray1)|# 21|base.save(var,value)      - SKIPPED current step skipped due to the enclosing section command being skipped
2021-04-05 15:49:38.051|I|Thread-2|wrongTotalStepTally.20210405_154920.001|Scenario1|Activity 1 (addArray1)|# 22|base.section(steps)       - SKIPPED current step skipped due to the enclosing section command being skipped
2021-04-05 15:49:38.059|I|Thread-2|wrongTotalStepTally.20210405_154920.001|Scenario1|Activity 1 (addArray1)|# 23|base.verbose(text)        - SKIPPED current step skipped due to the enclosing section command being skipped
2021-04-05 15:49:38.060|I|Thread-2|wrongTotalStepTally.20210405_154920.001|Scenario1|Activity 1|# 10|base.macro(file,sheet,nam - [repeat-until] PASS Macro successfully executed
2021-04-05 15:49:38.061|I|Thread-2|wrongTotalStepTally.20210405_154920.001|Scenario1|Activity 1|# 11|base.verbose(text)        - executing verbose(text)(Nothing is changed)
2021-04-05 15:49:38.064|I|Thread-2|wrongTotalStepTally.20210405_154920.001|Scenario1|Activity 1|# 11|base.verbose(text)        - 
Nothing is changed
2021-04-05 15:49:38.065|I|Thread-2|wrongTotalStepTally.20210405_154920.001|Scenario1|Activity 1|# 11|base.verbose(text)        - [repeat-until] PASS Nothing is changed
2021-04-05 15:49:38.067|I|Thread-2|wrongTotalStepTally.20210405_154920.001|Scenario1|Activity 1|# 12|number.increment(var,amou - executing increment(var,amount)(count, 1)
2021-04-05 15:49:38.069|I|Thread-2|wrongTotalStepTally.20210405_154920.001|Scenario1|Activity 1|# 12|number.increment(var,amou - [repeat-until] PASS incremented ${count} by 1 to 4
2021-04-05 15:49:38.070|I|Thread-2|wrongTotalStepTally.20210405_154920.001|Scenario1|Activity 1|#  9|base.assertEqual(expected - 
<[repeat-until] entering loop #5 --------------------------------------------->
2021-04-05 15:49:38.070|I|Thread-2|wrongTotalStepTally.20210405_154920.001|Scenario1|Activity 1|#  9|base.assertEqual(expected - executing assertEqual(expected,actual)(${count}, 4)
2021-04-05 15:49:38.072|I|Thread-2|wrongTotalStepTally.20210405_154920.001|Scenario1|Activity 1|#  8|base.repeatUntil(steps,ma - PASS repeat-until execution completed
2021-04-05 15:49:38.074|I|Thread-2|wrongTotalStepTally.20210405_154920.001|Scenario1|Activity 1 - ending activity
2021-04-05 15:49:38.875|I|Thread-2|[wrongTotalStepTally.20210405_154920.001|Scenario1] saving test scenario
2021-04-05 15:49:38.995|I|Thread-2|[20210405_154915] 
/-ITERATION COMPLETE------------------------------------------------------------
| Test Output:    C:\projects\macro\output\20210405_154915\wrongTotalStepTally.20210405_154920.001.xlsx
| Iteration:      1
\-------------------------------------------------------------------------------
» Execution Time: 16672 ms
» Test Steps:     3
» Error(s):       0



2021-04-05 15:49:40.836|I|Thread-2|[20210405_154915] 
/-SCRIPT COMPLETE---------------------------------------------------------------
| Test Script:    C:\projects\macro\artifact\script\wrongTotalStepTally.xlsx
\-------------------------------------------------------------------------------
» Execution Time: 22828 ms
» Iterations:     [1] total 1
» Test Steps:     3
» Passed:         3
» Error(s):       0
» Iteration 1 of 1: C:\projects\macro\output\20210405_154915\wrongTotalStepTally.20210405_154920.001.xlsx



2021-04-05 15:49:40.836|I|Thread-2|nexial mailer not enabled: nexial.enableEmail=false
2021-04-05 15:49:40.942|I|main|[20210405_154915] [C:\projects\macro\artifact\script\wrongTotalStepTally.xlsx] now completed
2021-04-05 15:49:40.943|I|main|[20210405_154915] all execution thread(s) have terminated
2021-04-05 15:49:40.943|I|main|[20210405_154915] test run completed in about 25 seconds
2021-04-05 15:49:41.383|I|main|No predefined nexial-setup found
2021-04-05 15:49:41.419|I|main|outputBase not set; output-to-cloud DISABLED!
2021-04-05 15:49:41.419|I|main|accessKey not set; output-to-cloud DISABLED!
2021-04-05 15:49:41.419|I|main|secretKey not set; output-to-cloud DISABLED!
2021-04-05 15:49:41.419|I|main|generating HTML output for this execution to C:\projects\macro\output\20210405_154915\execution-output.html
2021-04-05 15:49:42.998|I|main|generating JUnit XML output for this execution to C:\projects\macro\output\20210405_154915\junit.xml
2021-04-05 15:49:43.056|I|main|generated JUnit report for this execution: C:\projects\macro\output\20210405_154915\junit.xml
2021-04-05 15:49:43.060|I|main|nexial mailer not enabled: nexial.enableEmail=false
2021-04-05 15:49:43.061|I|main|skipped email notification as configured
2021-04-05 15:49:43.061|I|main|exiting Nexial...
2021-04-05 15:49:43.061|I|main|shutdown starts...
2021-04-05 15:49:43.061|I|main|shutdown ends...
2021-04-05 15:49:43.061|I|main|

/-END OF EXECUTION--------------------------------------------------------------
| » Execution Time: 23 sec.
| » Test Steps....: 3
| » Passed........: 3
| » Failed........: 0
| » Success Rate..: 100.00%
\--------------------------------------------------------------------nexial-DEV-

2021-04-05 15:49:43.061|I|main|ALL PASSED!
2021-04-05 15:49:43.061|I|main|End of Execution:
NEXIAL_OUTPUT:         C:\projects\macro\output\20210405_154915
NEXIAL_EXECUTION_HTML: C:\projects\macro\output\20210405_154915\execution-output.html
NEXIAL_JUNIT_XML:      C:\projects\macro\output\20210405_154915\junit.xml
NEXIAL_SUCCESS_RATE:   100.00%
NEXIAL_EXIT_STATUS:    0
