2021-04-05 15:53:50.641|I|Thread-2|(DELAYED) nexial-DEV starting up...
2021-04-05 15:53:50.647|I|Thread-2|(DELAYED) cleaning up outdated temp files...
2021-04-05 15:53:50.647|I|Thread-2|(DELAYED) data file resolved as C:\Users\AL3097\AppData\Local\Temp\xbiCu\wrongTotalStepTally.data.xlsx
2021-04-05 15:53:50.647|I|Thread-2|(DELAYED) skipping data name in ROW 8 since it's disabled
2021-04-05 15:53:50.647|I|Thread-2|(DELAYED) skipping data name in ROW 8 since it's disabled
2021-04-05 15:53:50.647|I|Thread-2|(DELAYED) input files and output directory resolved...
2021-04-05 15:53:50.647|I|Thread-2|(DELAYED) No predefined nexial-setup found
2021-04-05 15:53:50.649|I|Thread-2|(DELAYED) re-fetching data from C:\projects\macro\artifact\data\wrongTotalStepTally.data.xlsx
2021-04-05 15:53:50.649|I|Thread-2|(DELAYED) skipping data name in ROW 8 since it's disabled
2021-04-05 15:53:50.649|I|Thread-2|(DELAYED) skipping data name in ROW 8 since it's disabled
2021-04-05 15:53:50.649|I|Thread-2|(DELAYED) [20210405_155348] [C:\projects\macro\artifact\script\wrongTotalStepTally.xlsx] resolve RUN ID as 20210405_155348
2021-04-05 15:53:50.649|I|Thread-2|(DELAYED) [20210405_155348] [C:\projects\macro\artifact\script\wrongTotalStepTally.xlsx] new thread started
2021-04-05 15:53:50.649|I|Thread-2|No predefined nexial-setup found
2021-04-05 15:53:51.323|I|Thread-2|outputBase not set; output-to-cloud DISABLED!
2021-04-05 15:53:51.323|I|Thread-2|accessKey not set; output-to-cloud DISABLED!
2021-04-05 15:53:51.323|I|Thread-2|secretKey not set; output-to-cloud DISABLED!
2021-04-05 15:53:51.915|I|Thread-2|missing REQUIRED configuration; sms DISABLED!
2021-04-05 15:53:52.752|I|Thread-2|On-Demand Inspection detection enabled
2021-04-05 15:53:52.753|I|Thread-2|[20210405_155348] executing C:\projects\macro\artifact\script\wrongTotalStepTally.xlsx with 1 iteration(s)
2021-04-05 15:53:52.756|I|Thread-2|[20210405_155348] create directory C:\projects\macro\output\20210405_155348\captures
2021-04-05 15:53:52.757|I|Thread-2|[20210405_155348] create directory C:\projects\macro\output\20210405_155348\logs
2021-04-05 15:53:53.091|I|Thread-2|[20210405_155348] merging test data to tmp file C:\projects\macro\output\20210405_155348\wrongTotalStepTally.20210405_155352.001.xlsx
2021-04-05 15:53:53.092|I|Thread-2|re-fetching data from C:\projects\macro\artifact\data\wrongTotalStepTally.data.xlsx
2021-04-05 15:53:53.182|I|Thread-2|skipping data name in ROW 8 since it's disabled
2021-04-05 15:53:53.349|I|Thread-2|skipping data name in ROW 8 since it's disabled
2021-04-05 15:53:53.769|I|Thread-2|[20210405_155348] test script and test data merged to C:\projects\macro\output\20210405_155348\wrongTotalStepTally.20210405_155352.001.xlsx
2021-04-05 15:53:54.533|I|Thread-2|STARTS
2021-04-05 15:53:54.543|I|Thread-2|skipping test step in ROW 5 since it's disabled
2021-04-05 15:53:54.583|I|Thread-2|wrongTotalStepTally.20210405_155352.001 - executing iteration #1 of 1; Iteration Id 1
2021-04-05 15:53:54.591|I|Thread-2|wrongTotalStepTally.20210405_155352.001|Scenario1 - executing test scenario
2021-04-05 15:53:54.591|I|Thread-2|wrongTotalStepTally.20210405_155352.001|Scenario1|Activity 1 - executing activity
2021-04-05 15:53:55.194|I|Thread-2|wrongTotalStepTally.20210405_155352.001|Scenario1|Activity 1|#  5|base.macro(file,sheet,nam - executing macro(file,sheet,name)(repeatUntil.xlsx, repeatUntilEx, addArray)
2021-04-05 15:53:55.198|I|Thread-2|evaluating flow control:	SkipIf(true = true)		=> MATCHED
2021-04-05 15:53:55.380|I|Thread-2|wrongTotalStepTally.20210405_155352.001|Scenario1|Activity 1|#  5|base.macro(file,sheet,nam - SKIPPED current step skipped: SkipIf(true)
2021-04-05 15:53:55.980|I|Thread-2|wrongTotalStepTally.20210405_155352.001|Scenario1|Activity 1|#  6|base.section(steps)       - executing section(steps)(2)
2021-04-05 15:53:55.999|I|Thread-2|wrongTotalStepTally.20210405_155352.001|Scenario1|Activity 1|#  6|base.section(steps)       - PASS null
2021-04-05 15:53:56.601|I|Thread-2|wrongTotalStepTally.20210405_155352.001|Scenario1|Activity 1|#  7|base.save(var,value)      - executing save(var,value)(count, 0)
2021-04-05 15:53:56.606|I|Thread-2|wrongTotalStepTally.20210405_155352.001|Scenario1|Activity 1|#  7|base.save(var,value)      - PASS stored '0' as ${count}
2021-04-05 15:53:57.208|I|Thread-2|wrongTotalStepTally.20210405_155352.001|Scenario1|Activity 1|#  8|base.repeatUntil(steps,ma - executing repeatUntil(steps,maxWaitMs)(4, -1)
2021-04-05 15:53:57.210|I|Thread-2|wrongTotalStepTally.20210405_155352.001|Scenario1|Activity 1|#  9|base.assertEqual(expected - 
<[repeat-until] entering loop #1 --------------------------------------------->
2021-04-05 15:53:57.211|I|Thread-2|wrongTotalStepTally.20210405_155352.001|Scenario1|Activity 1|#  9|base.assertEqual(expected - executing assertEqual(expected,actual)(${count}, 4)
2021-04-05 15:53:57.217|I|Thread-2|wrongTotalStepTally.20210405_155352.001|Scenario1|Activity 1|# 10|base.macro(file,sheet,nam - executing macro(file,sheet,name)(repeatUntil.xlsx, repeatUntilEx, addArray1)
2021-04-05 15:53:58.060|I|Thread-2|wrongTotalStepTally.20210405_155352.001|Scenario1|Activity 1 (addArray1)|# 16|base.save(var,value)      - executing save(var,value)(list1, Canada,Australia,USA,India,Russia,UK)
2021-04-05 15:53:58.061|I|Thread-2|wrongTotalStepTally.20210405_155352.001|Scenario1|Activity 1 (addArray1)|# 16|base.save(var,value)      - PASS stored 'Canada,Australia,USA,India,Russia,UK' as ${list1}
2021-04-05 15:53:58.663|I|Thread-2|wrongTotalStepTally.20210405_155352.001|Scenario1|Activity 1 (addArray1)|# 17|base.save(var,value)      - executing save(var,value)(countries, )
2021-04-05 15:53:58.663|I|Thread-2|wrongTotalStepTally.20210405_155352.001|Scenario1|Activity 1 (addArray1)|# 17|base.save(var,value)      - PASS stored '' as ${countries}
2021-04-05 15:53:59.265|I|Thread-2|wrongTotalStepTally.20210405_155352.001|Scenario1|Activity 1 (addArray1)|# 18|base.save(var,value)      - executing save(var,value)(size, $(array|length|list1))
2021-04-05 15:53:59.279|I|Thread-2|wrongTotalStepTally.20210405_155352.001|Scenario1|Activity 1 (addArray1)|# 18|base.save(var,value)      - PASS stored '1' as ${size}
2021-04-05 15:53:59.880|I|Thread-2|wrongTotalStepTally.20210405_155352.001|Scenario1|Activity 1 (addArray1)|# 19|base.verbose(text)        - executing verbose(text)(${size})
2021-04-05 15:53:59.882|I|Thread-2|wrongTotalStepTally.20210405_155352.001|Scenario1|Activity 1 (addArray1)|# 19|base.verbose(text)        - 
1
2021-04-05 15:53:59.883|I|Thread-2|wrongTotalStepTally.20210405_155352.001|Scenario1|Activity 1 (addArray1)|# 19|base.verbose(text)        - PASS 
2021-04-05 15:54:00.483|I|Thread-2|wrongTotalStepTally.20210405_155352.001|Scenario1|Activity 1 (addArray1)|# 20|base.section(steps)       - executing section(steps)(2)
2021-04-05 15:54:00.484|I|Thread-2|evaluating flow control:	ProceedIf(false = false)		=> NOT MATCHED
2021-04-05 15:54:00.485|I|Thread-2|wrongTotalStepTally.20210405_155352.001|Scenario1|Activity 1 (addArray1)|# 20|base.section(steps)       - SKIPPED current step skipped: NOT TRUE(false)
2021-04-05 15:54:00.507|I|Thread-2|wrongTotalStepTally.20210405_155352.001|Scenario1|Activity 1 (addArray1)|# 21|base.save(var,value)      - SKIPPED current step skipped due to the enclosing section command being skipped
2021-04-05 15:54:00.516|I|Thread-2|wrongTotalStepTally.20210405_155352.001|Scenario1|Activity 1 (addArray1)|# 22|base.section(steps)       - SKIPPED current step skipped due to the enclosing section command being skipped
2021-04-05 15:54:00.536|I|Thread-2|wrongTotalStepTally.20210405_155352.001|Scenario1|Activity 1 (addArray1)|# 23|base.verbose(text)        - SKIPPED current step skipped due to the enclosing section command being skipped
2021-04-05 15:54:00.546|I|Thread-2|wrongTotalStepTally.20210405_155352.001|Scenario1|Activity 1 (addArray1)|# 24|base.verbose(text)        - SKIPPED current step skipped due to the enclosing section command being skipped
2021-04-05 15:54:00.553|I|Thread-2|wrongTotalStepTally.20210405_155352.001|Scenario1|Activity 1|# 10|base.macro(file,sheet,nam - [repeat-until] PASS Macro successfully executed
2021-04-05 15:54:00.553|I|Thread-2|wrongTotalStepTally.20210405_155352.001|Scenario1|Activity 1|# 11|base.verbose(text)        - executing verbose(text)(Nothing is changed)
2021-04-05 15:54:00.554|I|Thread-2|wrongTotalStepTally.20210405_155352.001|Scenario1|Activity 1|# 11|base.verbose(text)        - 
Nothing is changed
2021-04-05 15:54:00.555|I|Thread-2|wrongTotalStepTally.20210405_155352.001|Scenario1|Activity 1|# 11|base.verbose(text)        - [repeat-until] PASS Nothing is changed
2021-04-05 15:54:00.556|I|Thread-2|wrongTotalStepTally.20210405_155352.001|Scenario1|Activity 1|# 12|number.increment(var,amou - executing increment(var,amount)(count, 1)
2021-04-05 15:54:00.564|I|Thread-2|wrongTotalStepTally.20210405_155352.001|Scenario1|Activity 1|# 12|number.increment(var,amou - [repeat-until] PASS incremented ${count} by 1 to 1
2021-04-05 15:54:00.564|I|Thread-2|wrongTotalStepTally.20210405_155352.001|Scenario1|Activity 1|#  9|base.assertEqual(expected - 
<[repeat-until] entering loop #2 --------------------------------------------->
2021-04-05 15:54:00.565|I|Thread-2|wrongTotalStepTally.20210405_155352.001|Scenario1|Activity 1|#  9|base.assertEqual(expected - executing assertEqual(expected,actual)(${count}, 4)
2021-04-05 15:54:00.566|I|Thread-2|wrongTotalStepTally.20210405_155352.001|Scenario1|Activity 1|# 10|base.macro(file,sheet,nam - executing macro(file,sheet,name)(repeatUntil.xlsx, repeatUntilEx, addArray1)
2021-04-05 15:54:01.397|I|Thread-2|wrongTotalStepTally.20210405_155352.001|Scenario1|Activity 1 (addArray1)|# 16|base.save(var,value)      - executing save(var,value)(list1, Canada,Australia,USA,India,Russia,UK)
2021-04-05 15:54:01.398|I|Thread-2|wrongTotalStepTally.20210405_155352.001|Scenario1|Activity 1 (addArray1)|# 16|base.save(var,value)      - PASS stored 'Canada,Australia,USA,India,Russia,UK' as ${list1}
2021-04-05 15:54:01.999|I|Thread-2|wrongTotalStepTally.20210405_155352.001|Scenario1|Activity 1 (addArray1)|# 17|base.save(var,value)      - executing save(var,value)(countries, )
2021-04-05 15:54:02.000|I|Thread-2|wrongTotalStepTally.20210405_155352.001|Scenario1|Activity 1 (addArray1)|# 17|base.save(var,value)      - PASS stored '' as ${countries}
2021-04-05 15:54:02.600|I|Thread-2|wrongTotalStepTally.20210405_155352.001|Scenario1|Activity 1 (addArray1)|# 18|base.save(var,value)      - executing save(var,value)(size, $(array|length|list1))
2021-04-05 15:54:02.605|I|Thread-2|wrongTotalStepTally.20210405_155352.001|Scenario1|Activity 1 (addArray1)|# 18|base.save(var,value)      - PASS stored '1' as ${size}
2021-04-05 15:54:03.207|I|Thread-2|wrongTotalStepTally.20210405_155352.001|Scenario1|Activity 1 (addArray1)|# 19|base.verbose(text)        - executing verbose(text)(${size})
2021-04-05 15:54:03.209|I|Thread-2|wrongTotalStepTally.20210405_155352.001|Scenario1|Activity 1 (addArray1)|# 19|base.verbose(text)        - 
1
2021-04-05 15:54:03.209|I|Thread-2|wrongTotalStepTally.20210405_155352.001|Scenario1|Activity 1 (addArray1)|# 19|base.verbose(text)        - PASS 
2021-04-05 15:54:03.810|I|Thread-2|wrongTotalStepTally.20210405_155352.001|Scenario1|Activity 1 (addArray1)|# 20|base.section(steps)       - executing section(steps)(2)
2021-04-05 15:54:03.811|I|Thread-2|evaluating flow control:	ProceedIf(false = false)		=> NOT MATCHED
2021-04-05 15:54:03.811|I|Thread-2|wrongTotalStepTally.20210405_155352.001|Scenario1|Activity 1 (addArray1)|# 20|base.section(steps)       - SKIPPED current step skipped: NOT TRUE(false)
2021-04-05 15:54:03.827|I|Thread-2|wrongTotalStepTally.20210405_155352.001|Scenario1|Activity 1 (addArray1)|# 21|base.save(var,value)      - SKIPPED current step skipped due to the enclosing section command being skipped
2021-04-05 15:54:03.833|I|Thread-2|wrongTotalStepTally.20210405_155352.001|Scenario1|Activity 1 (addArray1)|# 22|base.section(steps)       - SKIPPED current step skipped due to the enclosing section command being skipped
2021-04-05 15:54:03.847|I|Thread-2|wrongTotalStepTally.20210405_155352.001|Scenario1|Activity 1 (addArray1)|# 23|base.verbose(text)        - SKIPPED current step skipped due to the enclosing section command being skipped
2021-04-05 15:54:03.863|I|Thread-2|wrongTotalStepTally.20210405_155352.001|Scenario1|Activity 1 (addArray1)|# 24|base.verbose(text)        - SKIPPED current step skipped due to the enclosing section command being skipped
2021-04-05 15:54:03.865|I|Thread-2|wrongTotalStepTally.20210405_155352.001|Scenario1|Activity 1|# 10|base.macro(file,sheet,nam - [repeat-until] PASS Macro successfully executed
2021-04-05 15:54:03.865|I|Thread-2|wrongTotalStepTally.20210405_155352.001|Scenario1|Activity 1|# 11|base.verbose(text)        - executing verbose(text)(Nothing is changed)
2021-04-05 15:54:03.866|I|Thread-2|wrongTotalStepTally.20210405_155352.001|Scenario1|Activity 1|# 11|base.verbose(text)        - 
Nothing is changed
2021-04-05 15:54:03.866|I|Thread-2|wrongTotalStepTally.20210405_155352.001|Scenario1|Activity 1|# 11|base.verbose(text)        - [repeat-until] PASS Nothing is changed
2021-04-05 15:54:03.867|I|Thread-2|wrongTotalStepTally.20210405_155352.001|Scenario1|Activity 1|# 12|number.increment(var,amou - executing increment(var,amount)(count, 1)
2021-04-05 15:54:03.868|I|Thread-2|wrongTotalStepTally.20210405_155352.001|Scenario1|Activity 1|# 12|number.increment(var,amou - [repeat-until] PASS incremented ${count} by 1 to 2
2021-04-05 15:54:03.869|I|Thread-2|wrongTotalStepTally.20210405_155352.001|Scenario1|Activity 1|#  9|base.assertEqual(expected - 
<[repeat-until] entering loop #3 --------------------------------------------->
2021-04-05 15:54:03.869|I|Thread-2|wrongTotalStepTally.20210405_155352.001|Scenario1|Activity 1|#  9|base.assertEqual(expected - executing assertEqual(expected,actual)(${count}, 4)
2021-04-05 15:54:03.870|I|Thread-2|wrongTotalStepTally.20210405_155352.001|Scenario1|Activity 1|# 10|base.macro(file,sheet,nam - executing macro(file,sheet,name)(repeatUntil.xlsx, repeatUntilEx, addArray1)
2021-04-05 15:54:04.690|I|Thread-2|wrongTotalStepTally.20210405_155352.001|Scenario1|Activity 1 (addArray1)|# 16|base.save(var,value)      - executing save(var,value)(list1, Canada,Australia,USA,India,Russia,UK)
2021-04-05 15:54:04.691|I|Thread-2|wrongTotalStepTally.20210405_155352.001|Scenario1|Activity 1 (addArray1)|# 16|base.save(var,value)      - PASS stored 'Canada,Australia,USA,India,Russia,UK' as ${list1}
2021-04-05 15:54:05.292|I|Thread-2|wrongTotalStepTally.20210405_155352.001|Scenario1|Activity 1 (addArray1)|# 17|base.save(var,value)      - executing save(var,value)(countries, )
2021-04-05 15:54:05.293|I|Thread-2|wrongTotalStepTally.20210405_155352.001|Scenario1|Activity 1 (addArray1)|# 17|base.save(var,value)      - PASS stored '' as ${countries}
2021-04-05 15:54:05.896|I|Thread-2|wrongTotalStepTally.20210405_155352.001|Scenario1|Activity 1 (addArray1)|# 18|base.save(var,value)      - executing save(var,value)(size, $(array|length|list1))
2021-04-05 15:54:05.898|I|Thread-2|wrongTotalStepTally.20210405_155352.001|Scenario1|Activity 1 (addArray1)|# 18|base.save(var,value)      - PASS stored '1' as ${size}
2021-04-05 15:54:06.499|I|Thread-2|wrongTotalStepTally.20210405_155352.001|Scenario1|Activity 1 (addArray1)|# 19|base.verbose(text)        - executing verbose(text)(${size})
2021-04-05 15:54:06.501|I|Thread-2|wrongTotalStepTally.20210405_155352.001|Scenario1|Activity 1 (addArray1)|# 19|base.verbose(text)        - 
1
2021-04-05 15:54:06.501|I|Thread-2|wrongTotalStepTally.20210405_155352.001|Scenario1|Activity 1 (addArray1)|# 19|base.verbose(text)        - PASS 
2021-04-05 15:54:07.103|I|Thread-2|wrongTotalStepTally.20210405_155352.001|Scenario1|Activity 1 (addArray1)|# 20|base.section(steps)       - executing section(steps)(2)
2021-04-05 15:54:07.104|I|Thread-2|evaluating flow control:	ProceedIf(false = false)		=> NOT MATCHED
2021-04-05 15:54:07.104|I|Thread-2|wrongTotalStepTally.20210405_155352.001|Scenario1|Activity 1 (addArray1)|# 20|base.section(steps)       - SKIPPED current step skipped: NOT TRUE(false)
2021-04-05 15:54:07.113|I|Thread-2|wrongTotalStepTally.20210405_155352.001|Scenario1|Activity 1 (addArray1)|# 21|base.save(var,value)      - SKIPPED current step skipped due to the enclosing section command being skipped
2021-04-05 15:54:07.145|I|Thread-2|wrongTotalStepTally.20210405_155352.001|Scenario1|Activity 1 (addArray1)|# 22|base.section(steps)       - SKIPPED current step skipped due to the enclosing section command being skipped
2021-04-05 15:54:07.149|I|Thread-2|wrongTotalStepTally.20210405_155352.001|Scenario1|Activity 1 (addArray1)|# 23|base.verbose(text)        - SKIPPED current step skipped due to the enclosing section command being skipped
2021-04-05 15:54:07.153|I|Thread-2|wrongTotalStepTally.20210405_155352.001|Scenario1|Activity 1 (addArray1)|# 24|base.verbose(text)        - SKIPPED current step skipped due to the enclosing section command being skipped
2021-04-05 15:54:07.153|I|Thread-2|wrongTotalStepTally.20210405_155352.001|Scenario1|Activity 1|# 10|base.macro(file,sheet,nam - [repeat-until] PASS Macro successfully executed
2021-04-05 15:54:07.155|I|Thread-2|wrongTotalStepTally.20210405_155352.001|Scenario1|Activity 1|# 11|base.verbose(text)        - executing verbose(text)(Nothing is changed)
2021-04-05 15:54:07.155|I|Thread-2|wrongTotalStepTally.20210405_155352.001|Scenario1|Activity 1|# 11|base.verbose(text)        - 
Nothing is changed
2021-04-05 15:54:07.156|I|Thread-2|wrongTotalStepTally.20210405_155352.001|Scenario1|Activity 1|# 11|base.verbose(text)        - [repeat-until] PASS Nothing is changed
2021-04-05 15:54:07.156|I|Thread-2|wrongTotalStepTally.20210405_155352.001|Scenario1|Activity 1|# 12|number.increment(var,amou - executing increment(var,amount)(count, 1)
2021-04-05 15:54:07.158|I|Thread-2|wrongTotalStepTally.20210405_155352.001|Scenario1|Activity 1|# 12|number.increment(var,amou - [repeat-until] PASS incremented ${count} by 1 to 3
2021-04-05 15:54:07.159|I|Thread-2|wrongTotalStepTally.20210405_155352.001|Scenario1|Activity 1|#  9|base.assertEqual(expected - 
<[repeat-until] entering loop #4 --------------------------------------------->
2021-04-05 15:54:07.159|I|Thread-2|wrongTotalStepTally.20210405_155352.001|Scenario1|Activity 1|#  9|base.assertEqual(expected - executing assertEqual(expected,actual)(${count}, 4)
2021-04-05 15:54:07.160|I|Thread-2|wrongTotalStepTally.20210405_155352.001|Scenario1|Activity 1|# 10|base.macro(file,sheet,nam - executing macro(file,sheet,name)(repeatUntil.xlsx, repeatUntilEx, addArray1)
2021-04-05 15:54:07.982|I|Thread-2|wrongTotalStepTally.20210405_155352.001|Scenario1|Activity 1 (addArray1)|# 16|base.save(var,value)      - executing save(var,value)(list1, Canada,Australia,USA,India,Russia,UK)
2021-04-05 15:54:07.984|I|Thread-2|wrongTotalStepTally.20210405_155352.001|Scenario1|Activity 1 (addArray1)|# 16|base.save(var,value)      - PASS stored 'Canada,Australia,USA,India,Russia,UK' as ${list1}
2021-04-05 15:54:08.584|I|Thread-2|wrongTotalStepTally.20210405_155352.001|Scenario1|Activity 1 (addArray1)|# 17|base.save(var,value)      - executing save(var,value)(countries, )
2021-04-05 15:54:08.585|I|Thread-2|wrongTotalStepTally.20210405_155352.001|Scenario1|Activity 1 (addArray1)|# 17|base.save(var,value)      - PASS stored '' as ${countries}
2021-04-05 15:54:09.187|I|Thread-2|wrongTotalStepTally.20210405_155352.001|Scenario1|Activity 1 (addArray1)|# 18|base.save(var,value)      - executing save(var,value)(size, $(array|length|list1))
2021-04-05 15:54:09.188|I|Thread-2|wrongTotalStepTally.20210405_155352.001|Scenario1|Activity 1 (addArray1)|# 18|base.save(var,value)      - PASS stored '1' as ${size}
2021-04-05 15:54:09.790|I|Thread-2|wrongTotalStepTally.20210405_155352.001|Scenario1|Activity 1 (addArray1)|# 19|base.verbose(text)        - executing verbose(text)(${size})
2021-04-05 15:54:09.791|I|Thread-2|wrongTotalStepTally.20210405_155352.001|Scenario1|Activity 1 (addArray1)|# 19|base.verbose(text)        - 
1
2021-04-05 15:54:09.792|I|Thread-2|wrongTotalStepTally.20210405_155352.001|Scenario1|Activity 1 (addArray1)|# 19|base.verbose(text)        - PASS 
2021-04-05 15:54:10.393|I|Thread-2|wrongTotalStepTally.20210405_155352.001|Scenario1|Activity 1 (addArray1)|# 20|base.section(steps)       - executing section(steps)(2)
2021-04-05 15:54:10.394|I|Thread-2|evaluating flow control:	ProceedIf(false = false)		=> NOT MATCHED
2021-04-05 15:54:10.396|I|Thread-2|wrongTotalStepTally.20210405_155352.001|Scenario1|Activity 1 (addArray1)|# 20|base.section(steps)       - SKIPPED current step skipped: NOT TRUE(false)
2021-04-05 15:54:10.408|I|Thread-2|wrongTotalStepTally.20210405_155352.001|Scenario1|Activity 1 (addArray1)|# 21|base.save(var,value)      - SKIPPED current step skipped due to the enclosing section command being skipped
2021-04-05 15:54:10.412|I|Thread-2|wrongTotalStepTally.20210405_155352.001|Scenario1|Activity 1 (addArray1)|# 22|base.section(steps)       - SKIPPED current step skipped due to the enclosing section command being skipped
2021-04-05 15:54:10.419|I|Thread-2|wrongTotalStepTally.20210405_155352.001|Scenario1|Activity 1 (addArray1)|# 23|base.verbose(text)        - SKIPPED current step skipped due to the enclosing section command being skipped
2021-04-05 15:54:10.423|I|Thread-2|wrongTotalStepTally.20210405_155352.001|Scenario1|Activity 1 (addArray1)|# 24|base.verbose(text)        - SKIPPED current step skipped due to the enclosing section command being skipped
2021-04-05 15:54:10.424|I|Thread-2|wrongTotalStepTally.20210405_155352.001|Scenario1|Activity 1|# 10|base.macro(file,sheet,nam - [repeat-until] PASS Macro successfully executed
2021-04-05 15:54:10.426|I|Thread-2|wrongTotalStepTally.20210405_155352.001|Scenario1|Activity 1|# 11|base.verbose(text)        - executing verbose(text)(Nothing is changed)
2021-04-05 15:54:10.427|I|Thread-2|wrongTotalStepTally.20210405_155352.001|Scenario1|Activity 1|# 11|base.verbose(text)        - 
Nothing is changed
2021-04-05 15:54:10.428|I|Thread-2|wrongTotalStepTally.20210405_155352.001|Scenario1|Activity 1|# 11|base.verbose(text)        - [repeat-until] PASS Nothing is changed
2021-04-05 15:54:10.429|I|Thread-2|wrongTotalStepTally.20210405_155352.001|Scenario1|Activity 1|# 12|number.increment(var,amou - executing increment(var,amount)(count, 1)
2021-04-05 15:54:10.431|I|Thread-2|wrongTotalStepTally.20210405_155352.001|Scenario1|Activity 1|# 12|number.increment(var,amou - [repeat-until] PASS incremented ${count} by 1 to 4
2021-04-05 15:54:10.432|I|Thread-2|wrongTotalStepTally.20210405_155352.001|Scenario1|Activity 1|#  9|base.assertEqual(expected - 
<[repeat-until] entering loop #5 --------------------------------------------->
2021-04-05 15:54:10.432|I|Thread-2|wrongTotalStepTally.20210405_155352.001|Scenario1|Activity 1|#  9|base.assertEqual(expected - executing assertEqual(expected,actual)(${count}, 4)
2021-04-05 15:54:10.438|I|Thread-2|wrongTotalStepTally.20210405_155352.001|Scenario1|Activity 1|#  8|base.repeatUntil(steps,ma - PASS repeat-until execution completed
2021-04-05 15:54:10.444|I|Thread-2|wrongTotalStepTally.20210405_155352.001|Scenario1|Activity 1 - ending activity
2021-04-05 15:54:11.469|I|Thread-2|[wrongTotalStepTally.20210405_155352.001|Scenario1] saving test scenario
2021-04-05 15:54:11.623|I|Thread-2|[20210405_155348] 
/-ITERATION COMPLETE------------------------------------------------------------
| Test Output:    C:\projects\macro\output\20210405_155348\wrongTotalStepTally.20210405_155352.001.xlsx
| Iteration:      1
\-------------------------------------------------------------------------------
» Execution Time: 17035 ms
» Test Steps:     3
» Error(s):       0



2021-04-05 15:54:13.274|I|Thread-2|[20210405_155348] 
/-SCRIPT COMPLETE---------------------------------------------------------------
| Test Script:    C:\projects\macro\artifact\script\wrongTotalStepTally.xlsx
\-------------------------------------------------------------------------------
» Execution Time: 22908 ms
» Iterations:     [1] total 1
» Test Steps:     3
» Passed:         3
» Error(s):       0
» Iteration 1 of 1: C:\projects\macro\output\20210405_155348\wrongTotalStepTally.20210405_155352.001.xlsx



2021-04-05 15:54:13.275|I|Thread-2|nexial mailer not enabled: nexial.enableEmail=false
2021-04-05 15:54:13.376|I|main|[20210405_155348] [C:\projects\macro\artifact\script\wrongTotalStepTally.xlsx] now completed
2021-04-05 15:54:13.376|I|main|[20210405_155348] all execution thread(s) have terminated
2021-04-05 15:54:13.376|I|main|[20210405_155348] test run completed in about 25 seconds
2021-04-05 15:54:13.706|I|main|No predefined nexial-setup found
2021-04-05 15:54:13.737|I|main|outputBase not set; output-to-cloud DISABLED!
2021-04-05 15:54:13.737|I|main|accessKey not set; output-to-cloud DISABLED!
2021-04-05 15:54:13.737|I|main|secretKey not set; output-to-cloud DISABLED!
2021-04-05 15:54:13.737|I|main|generating HTML output for this execution to C:\projects\macro\output\20210405_155348\execution-output.html
2021-04-05 15:54:15.799|I|main|generating JUnit XML output for this execution to C:\projects\macro\output\20210405_155348\junit.xml
2021-04-05 15:54:15.853|I|main|generated JUnit report for this execution: C:\projects\macro\output\20210405_155348\junit.xml
2021-04-05 15:54:15.857|I|main|nexial mailer not enabled: nexial.enableEmail=false
2021-04-05 15:54:15.858|I|main|skipped email notification as configured
2021-04-05 15:54:15.858|I|main|exiting Nexial...
2021-04-05 15:54:15.858|I|main|shutdown starts...
2021-04-05 15:54:15.858|I|main|shutdown ends...
2021-04-05 15:54:15.858|I|main|

/-END OF EXECUTION--------------------------------------------------------------
| » Execution Time: 23 sec.
| » Test Steps....: 3
| » Passed........: 3
| » Failed........: 0
| » Success Rate..: 100.00%
\--------------------------------------------------------------------nexial-DEV-

2021-04-05 15:54:15.858|I|main|ALL PASSED!
2021-04-05 15:54:15.859|I|main|End of Execution:
NEXIAL_OUTPUT:         C:\projects\macro\output\20210405_155348
NEXIAL_EXECUTION_HTML: C:\projects\macro\output\20210405_155348\execution-output.html
NEXIAL_JUNIT_XML:      C:\projects\macro\output\20210405_155348\junit.xml
NEXIAL_SUCCESS_RATE:   100.00%
NEXIAL_EXIT_STATUS:    0
