2021-04-05 15:38:33.454|I|Thread-2|(DELAYED) nexial-DEV starting up...
2021-04-05 15:38:33.459|I|Thread-2|(DELAYED) cleaning up outdated temp files...
2021-04-05 15:38:33.459|I|Thread-2|(DELAYED) data file resolved as C:\Users\AL3097\AppData\Local\Temp\ZWLiQ\wrongTotalStepTally.data.xlsx
2021-04-05 15:38:33.459|I|Thread-2|(DELAYED) skipping data name in ROW 8 since it's disabled
2021-04-05 15:38:33.459|I|Thread-2|(DELAYED) skipping data name in ROW 8 since it's disabled
2021-04-05 15:38:33.459|I|Thread-2|(DELAYED) input files and output directory resolved...
2021-04-05 15:38:33.459|I|Thread-2|(DELAYED) No predefined nexial-setup found
2021-04-05 15:38:33.460|I|Thread-2|(DELAYED) re-fetching data from C:\projects\macro\artifact\data\wrongTotalStepTally.data.xlsx
2021-04-05 15:38:33.460|I|Thread-2|(DELAYED) skipping data name in ROW 8 since it's disabled
2021-04-05 15:38:33.460|I|Thread-2|(DELAYED) skipping data name in ROW 8 since it's disabled
2021-04-05 15:38:33.460|I|Thread-2|(DELAYED) [20210405_153830] [C:\projects\macro\artifact\script\wrongTotalStepTally.xlsx] resolve RUN ID as 20210405_153830
2021-04-05 15:38:33.460|I|Thread-2|(DELAYED) [20210405_153830] [C:\projects\macro\artifact\script\wrongTotalStepTally.xlsx] new thread started
2021-04-05 15:38:33.460|I|Thread-2|No predefined nexial-setup found
2021-04-05 15:38:34.144|I|Thread-2|outputBase not set; output-to-cloud DISABLED!
2021-04-05 15:38:34.144|I|Thread-2|accessKey not set; output-to-cloud DISABLED!
2021-04-05 15:38:34.144|I|Thread-2|secretKey not set; output-to-cloud DISABLED!
2021-04-05 15:38:34.678|I|Thread-2|missing REQUIRED configuration; sms DISABLED!
2021-04-05 15:38:35.607|I|Thread-2|On-Demand Inspection detection enabled
2021-04-05 15:38:35.608|I|Thread-2|[20210405_153830] executing C:\projects\macro\artifact\script\wrongTotalStepTally.xlsx with 1 iteration(s)
2021-04-05 15:38:35.612|I|Thread-2|[20210405_153830] create directory C:\projects\macro\output\20210405_153830\captures
2021-04-05 15:38:35.613|I|Thread-2|[20210405_153830] create directory C:\projects\macro\output\20210405_153830\logs
2021-04-05 15:38:35.967|I|Thread-2|[20210405_153830] merging test data to tmp file C:\projects\macro\output\20210405_153830\wrongTotalStepTally.20210405_153835.001.xlsx
2021-04-05 15:38:35.968|I|Thread-2|re-fetching data from C:\projects\macro\artifact\data\wrongTotalStepTally.data.xlsx
2021-04-05 15:38:36.045|I|Thread-2|skipping data name in ROW 8 since it's disabled
2021-04-05 15:38:36.143|I|Thread-2|skipping data name in ROW 8 since it's disabled
2021-04-05 15:38:36.482|I|Thread-2|[20210405_153830] test script and test data merged to C:\projects\macro\output\20210405_153830\wrongTotalStepTally.20210405_153835.001.xlsx
2021-04-05 15:38:37.185|I|Thread-2|STARTS
2021-04-05 15:38:37.195|I|Thread-2|skipping test step in ROW 5 since it's disabled
2021-04-05 15:38:37.237|I|Thread-2|wrongTotalStepTally.20210405_153835.001 - executing iteration #1 of 1; Iteration Id 1
2021-04-05 15:38:37.245|I|Thread-2|wrongTotalStepTally.20210405_153835.001|Scenario1 - executing test scenario
2021-04-05 15:38:37.246|I|Thread-2|wrongTotalStepTally.20210405_153835.001|Scenario1|Activity 1 - executing activity
2021-04-05 15:38:37.847|I|Thread-2|wrongTotalStepTally.20210405_153835.001|Scenario1|Activity 1|#  5|base.macro(file,sheet,nam - executing macro(file,sheet,name)(repeatUntil.xlsx, repeatUntilEx, addArray)
2021-04-05 15:38:37.850|I|Thread-2|evaluating flow control:	SkipIf(true = true)		=> MATCHED
2021-04-05 15:38:38.046|I|Thread-2|wrongTotalStepTally.20210405_153835.001|Scenario1|Activity 1|#  5|base.macro(file,sheet,nam - SKIPPED current step skipped: SkipIf(true)
2021-04-05 15:38:38.647|I|Thread-2|wrongTotalStepTally.20210405_153835.001|Scenario1|Activity 1|#  6|base.section(steps)       - executing section(steps)(2)
2021-04-05 15:38:38.654|I|Thread-2|wrongTotalStepTally.20210405_153835.001|Scenario1|Activity 1|#  6|base.section(steps)       - PASS null
2021-04-05 15:38:39.256|I|Thread-2|wrongTotalStepTally.20210405_153835.001|Scenario1|Activity 1|#  7|base.save(var,value)      - executing save(var,value)(count, 0)
2021-04-05 15:38:39.259|I|Thread-2|wrongTotalStepTally.20210405_153835.001|Scenario1|Activity 1|#  7|base.save(var,value)      - PASS stored '0' as ${count}
2021-04-05 15:38:39.861|I|Thread-2|wrongTotalStepTally.20210405_153835.001|Scenario1|Activity 1|#  8|base.repeatUntil(steps,ma - executing repeatUntil(steps,maxWaitMs)(4, -1)
2021-04-05 15:38:39.863|I|Thread-2|wrongTotalStepTally.20210405_153835.001|Scenario1|Activity 1|#  9|base.assertEqual(expected - 
<[repeat-until] entering loop #1 --------------------------------------------->
2021-04-05 15:38:39.864|I|Thread-2|wrongTotalStepTally.20210405_153835.001|Scenario1|Activity 1|#  9|base.assertEqual(expected - executing assertEqual(expected,actual)(${count}, 4)
2021-04-05 15:38:39.871|I|Thread-2|wrongTotalStepTally.20210405_153835.001|Scenario1|Activity 1|# 10|base.macro(file,sheet,nam - executing macro(file,sheet,name)(repeatUntil.xlsx, repeatUntilEx, addArray1)
2021-04-05 15:38:40.719|I|Thread-2|wrongTotalStepTally.20210405_153835.001|Scenario1|Activity 1 (addArray1)|# 16|base.save(var,value)      - executing save(var,value)(list1, Canada,Australia,USA,India,Russia,UK)
2021-04-05 15:38:40.721|I|Thread-2|wrongTotalStepTally.20210405_153835.001|Scenario1|Activity 1 (addArray1)|# 16|base.save(var,value)      - PASS stored 'Canada,Australia,USA,India,Russia,UK' as ${list1}
2021-04-05 15:38:41.322|I|Thread-2|wrongTotalStepTally.20210405_153835.001|Scenario1|Activity 1 (addArray1)|# 17|base.save(var,value)      - executing save(var,value)(countries, )
2021-04-05 15:38:41.322|I|Thread-2|wrongTotalStepTally.20210405_153835.001|Scenario1|Activity 1 (addArray1)|# 17|base.save(var,value)      - PASS stored '' as ${countries}
2021-04-05 15:38:41.925|I|Thread-2|wrongTotalStepTally.20210405_153835.001|Scenario1|Activity 1 (addArray1)|# 18|base.save(var,value)      - executing save(var,value)(size, $(array|length|list1))
2021-04-05 15:38:41.940|I|Thread-2|wrongTotalStepTally.20210405_153835.001|Scenario1|Activity 1 (addArray1)|# 18|base.save(var,value)      - PASS stored '1' as ${size}
2021-04-05 15:38:42.542|I|Thread-2|wrongTotalStepTally.20210405_153835.001|Scenario1|Activity 1 (addArray1)|# 19|base.section(steps)       - executing section(steps)(2)
2021-04-05 15:38:42.543|I|Thread-2|evaluating flow control:	ProceedIf(false = false)		=> NOT MATCHED
2021-04-05 15:38:42.543|I|Thread-2|wrongTotalStepTally.20210405_153835.001|Scenario1|Activity 1 (addArray1)|# 19|base.section(steps)       - SKIPPED current step skipped: NOT TRUE(false)
2021-04-05 15:38:42.555|I|Thread-2|wrongTotalStepTally.20210405_153835.001|Scenario1|Activity 1 (addArray1)|# 20|base.save(var,value)      - SKIPPED current step skipped due to the enclosing section command being skipped
2021-04-05 15:38:42.563|I|Thread-2|wrongTotalStepTally.20210405_153835.001|Scenario1|Activity 1 (addArray1)|# 21|base.section(steps)       - SKIPPED current step skipped due to the enclosing section command being skipped
2021-04-05 15:38:42.571|I|Thread-2|wrongTotalStepTally.20210405_153835.001|Scenario1|Activity 1 (addArray1)|# 22|base.verbose(text)        - SKIPPED current step skipped due to the enclosing section command being skipped
2021-04-05 15:38:42.577|I|Thread-2|wrongTotalStepTally.20210405_153835.001|Scenario1|Activity 1|# 10|base.macro(file,sheet,nam - [repeat-until] PASS Macro successfully executed
2021-04-05 15:38:42.578|I|Thread-2|wrongTotalStepTally.20210405_153835.001|Scenario1|Activity 1|# 11|base.verbose(text)        - executing verbose(text)(Nothing is changed)
2021-04-05 15:38:42.580|I|Thread-2|wrongTotalStepTally.20210405_153835.001|Scenario1|Activity 1|# 11|base.verbose(text)        - 
Nothing is changed
2021-04-05 15:38:42.581|I|Thread-2|wrongTotalStepTally.20210405_153835.001|Scenario1|Activity 1|# 11|base.verbose(text)        - [repeat-until] PASS Nothing is changed
2021-04-05 15:38:42.582|I|Thread-2|wrongTotalStepTally.20210405_153835.001|Scenario1|Activity 1|# 12|number.increment(var,amou - executing increment(var,amount)(count, 1)
2021-04-05 15:38:42.587|I|Thread-2|wrongTotalStepTally.20210405_153835.001|Scenario1|Activity 1|# 12|number.increment(var,amou - [repeat-until] PASS incremented ${count} by 1 to 1
2021-04-05 15:38:42.588|I|Thread-2|wrongTotalStepTally.20210405_153835.001|Scenario1|Activity 1|#  9|base.assertEqual(expected - 
<[repeat-until] entering loop #2 --------------------------------------------->
2021-04-05 15:38:42.589|I|Thread-2|wrongTotalStepTally.20210405_153835.001|Scenario1|Activity 1|#  9|base.assertEqual(expected - executing assertEqual(expected,actual)(${count}, 4)
2021-04-05 15:38:42.591|I|Thread-2|wrongTotalStepTally.20210405_153835.001|Scenario1|Activity 1|# 10|base.macro(file,sheet,nam - executing macro(file,sheet,name)(repeatUntil.xlsx, repeatUntilEx, addArray1)
2021-04-05 15:38:43.381|I|Thread-2|wrongTotalStepTally.20210405_153835.001|Scenario1|Activity 1 (addArray1)|# 16|base.save(var,value)      - executing save(var,value)(list1, Canada,Australia,USA,India,Russia,UK)
2021-04-05 15:38:43.383|I|Thread-2|wrongTotalStepTally.20210405_153835.001|Scenario1|Activity 1 (addArray1)|# 16|base.save(var,value)      - PASS stored 'Canada,Australia,USA,India,Russia,UK' as ${list1}
2021-04-05 15:38:43.984|I|Thread-2|wrongTotalStepTally.20210405_153835.001|Scenario1|Activity 1 (addArray1)|# 17|base.save(var,value)      - executing save(var,value)(countries, )
2021-04-05 15:38:43.985|I|Thread-2|wrongTotalStepTally.20210405_153835.001|Scenario1|Activity 1 (addArray1)|# 17|base.save(var,value)      - PASS stored '' as ${countries}
2021-04-05 15:38:44.587|I|Thread-2|wrongTotalStepTally.20210405_153835.001|Scenario1|Activity 1 (addArray1)|# 18|base.save(var,value)      - executing save(var,value)(size, $(array|length|list1))
2021-04-05 15:38:44.590|I|Thread-2|wrongTotalStepTally.20210405_153835.001|Scenario1|Activity 1 (addArray1)|# 18|base.save(var,value)      - PASS stored '1' as ${size}
2021-04-05 15:38:45.191|I|Thread-2|wrongTotalStepTally.20210405_153835.001|Scenario1|Activity 1 (addArray1)|# 19|base.section(steps)       - executing section(steps)(2)
2021-04-05 15:38:45.192|I|Thread-2|evaluating flow control:	ProceedIf(false = false)		=> NOT MATCHED
2021-04-05 15:38:45.192|I|Thread-2|wrongTotalStepTally.20210405_153835.001|Scenario1|Activity 1 (addArray1)|# 19|base.section(steps)       - SKIPPED current step skipped: NOT TRUE(false)
2021-04-05 15:38:45.202|I|Thread-2|wrongTotalStepTally.20210405_153835.001|Scenario1|Activity 1 (addArray1)|# 20|base.save(var,value)      - SKIPPED current step skipped due to the enclosing section command being skipped
2021-04-05 15:38:45.210|I|Thread-2|wrongTotalStepTally.20210405_153835.001|Scenario1|Activity 1 (addArray1)|# 21|base.section(steps)       - SKIPPED current step skipped due to the enclosing section command being skipped
2021-04-05 15:38:45.218|I|Thread-2|wrongTotalStepTally.20210405_153835.001|Scenario1|Activity 1 (addArray1)|# 22|base.verbose(text)        - SKIPPED current step skipped due to the enclosing section command being skipped
2021-04-05 15:38:45.220|I|Thread-2|wrongTotalStepTally.20210405_153835.001|Scenario1|Activity 1|# 10|base.macro(file,sheet,nam - [repeat-until] PASS Macro successfully executed
2021-04-05 15:38:45.222|I|Thread-2|wrongTotalStepTally.20210405_153835.001|Scenario1|Activity 1|# 11|base.verbose(text)        - executing verbose(text)(Nothing is changed)
2021-04-05 15:38:45.223|I|Thread-2|wrongTotalStepTally.20210405_153835.001|Scenario1|Activity 1|# 11|base.verbose(text)        - 
Nothing is changed
2021-04-05 15:38:45.224|I|Thread-2|wrongTotalStepTally.20210405_153835.001|Scenario1|Activity 1|# 11|base.verbose(text)        - [repeat-until] PASS Nothing is changed
2021-04-05 15:38:45.226|I|Thread-2|wrongTotalStepTally.20210405_153835.001|Scenario1|Activity 1|# 12|number.increment(var,amou - executing increment(var,amount)(count, 1)
2021-04-05 15:38:45.229|I|Thread-2|wrongTotalStepTally.20210405_153835.001|Scenario1|Activity 1|# 12|number.increment(var,amou - [repeat-until] PASS incremented ${count} by 1 to 2
2021-04-05 15:38:45.231|I|Thread-2|wrongTotalStepTally.20210405_153835.001|Scenario1|Activity 1|#  9|base.assertEqual(expected - 
<[repeat-until] entering loop #3 --------------------------------------------->
2021-04-05 15:38:45.233|I|Thread-2|wrongTotalStepTally.20210405_153835.001|Scenario1|Activity 1|#  9|base.assertEqual(expected - executing assertEqual(expected,actual)(${count}, 4)
2021-04-05 15:38:45.235|I|Thread-2|wrongTotalStepTally.20210405_153835.001|Scenario1|Activity 1|# 10|base.macro(file,sheet,nam - executing macro(file,sheet,name)(repeatUntil.xlsx, repeatUntilEx, addArray1)
2021-04-05 15:38:46.024|I|Thread-2|wrongTotalStepTally.20210405_153835.001|Scenario1|Activity 1 (addArray1)|# 16|base.save(var,value)      - executing save(var,value)(list1, Canada,Australia,USA,India,Russia,UK)
2021-04-05 15:38:46.026|I|Thread-2|wrongTotalStepTally.20210405_153835.001|Scenario1|Activity 1 (addArray1)|# 16|base.save(var,value)      - PASS stored 'Canada,Australia,USA,India,Russia,UK' as ${list1}
2021-04-05 15:38:46.626|I|Thread-2|wrongTotalStepTally.20210405_153835.001|Scenario1|Activity 1 (addArray1)|# 17|base.save(var,value)      - executing save(var,value)(countries, )
2021-04-05 15:38:46.627|I|Thread-2|wrongTotalStepTally.20210405_153835.001|Scenario1|Activity 1 (addArray1)|# 17|base.save(var,value)      - PASS stored '' as ${countries}
2021-04-05 15:38:47.228|I|Thread-2|wrongTotalStepTally.20210405_153835.001|Scenario1|Activity 1 (addArray1)|# 18|base.save(var,value)      - executing save(var,value)(size, $(array|length|list1))
2021-04-05 15:38:47.230|I|Thread-2|wrongTotalStepTally.20210405_153835.001|Scenario1|Activity 1 (addArray1)|# 18|base.save(var,value)      - PASS stored '1' as ${size}
2021-04-05 15:38:47.830|I|Thread-2|wrongTotalStepTally.20210405_153835.001|Scenario1|Activity 1 (addArray1)|# 19|base.section(steps)       - executing section(steps)(2)
2021-04-05 15:38:47.831|I|Thread-2|evaluating flow control:	ProceedIf(false = false)		=> NOT MATCHED
2021-04-05 15:38:47.831|I|Thread-2|wrongTotalStepTally.20210405_153835.001|Scenario1|Activity 1 (addArray1)|# 19|base.section(steps)       - SKIPPED current step skipped: NOT TRUE(false)
2021-04-05 15:38:47.847|I|Thread-2|wrongTotalStepTally.20210405_153835.001|Scenario1|Activity 1 (addArray1)|# 20|base.save(var,value)      - SKIPPED current step skipped due to the enclosing section command being skipped
2021-04-05 15:38:47.852|I|Thread-2|wrongTotalStepTally.20210405_153835.001|Scenario1|Activity 1 (addArray1)|# 21|base.section(steps)       - SKIPPED current step skipped due to the enclosing section command being skipped
2021-04-05 15:38:47.857|I|Thread-2|wrongTotalStepTally.20210405_153835.001|Scenario1|Activity 1 (addArray1)|# 22|base.verbose(text)        - SKIPPED current step skipped due to the enclosing section command being skipped
2021-04-05 15:38:47.860|I|Thread-2|wrongTotalStepTally.20210405_153835.001|Scenario1|Activity 1|# 10|base.macro(file,sheet,nam - [repeat-until] PASS Macro successfully executed
2021-04-05 15:38:47.861|I|Thread-2|wrongTotalStepTally.20210405_153835.001|Scenario1|Activity 1|# 11|base.verbose(text)        - executing verbose(text)(Nothing is changed)
2021-04-05 15:38:47.863|I|Thread-2|wrongTotalStepTally.20210405_153835.001|Scenario1|Activity 1|# 11|base.verbose(text)        - 
Nothing is changed
2021-04-05 15:38:47.864|I|Thread-2|wrongTotalStepTally.20210405_153835.001|Scenario1|Activity 1|# 11|base.verbose(text)        - [repeat-until] PASS Nothing is changed
2021-04-05 15:38:47.866|I|Thread-2|wrongTotalStepTally.20210405_153835.001|Scenario1|Activity 1|# 12|number.increment(var,amou - executing increment(var,amount)(count, 1)
2021-04-05 15:38:47.868|I|Thread-2|wrongTotalStepTally.20210405_153835.001|Scenario1|Activity 1|# 12|number.increment(var,amou - [repeat-until] PASS incremented ${count} by 1 to 3
2021-04-05 15:38:47.872|I|Thread-2|wrongTotalStepTally.20210405_153835.001|Scenario1|Activity 1|#  9|base.assertEqual(expected - 
<[repeat-until] entering loop #4 --------------------------------------------->
2021-04-05 15:38:47.873|I|Thread-2|wrongTotalStepTally.20210405_153835.001|Scenario1|Activity 1|#  9|base.assertEqual(expected - executing assertEqual(expected,actual)(${count}, 4)
2021-04-05 15:38:47.875|I|Thread-2|wrongTotalStepTally.20210405_153835.001|Scenario1|Activity 1|# 10|base.macro(file,sheet,nam - executing macro(file,sheet,name)(repeatUntil.xlsx, repeatUntilEx, addArray1)
2021-04-05 15:38:48.713|I|Thread-2|wrongTotalStepTally.20210405_153835.001|Scenario1|Activity 1 (addArray1)|# 16|base.save(var,value)      - executing save(var,value)(list1, Canada,Australia,USA,India,Russia,UK)
2021-04-05 15:38:48.714|I|Thread-2|wrongTotalStepTally.20210405_153835.001|Scenario1|Activity 1 (addArray1)|# 16|base.save(var,value)      - PASS stored 'Canada,Australia,USA,India,Russia,UK' as ${list1}
2021-04-05 15:38:49.315|I|Thread-2|wrongTotalStepTally.20210405_153835.001|Scenario1|Activity 1 (addArray1)|# 17|base.save(var,value)      - executing save(var,value)(countries, )
2021-04-05 15:38:49.316|I|Thread-2|wrongTotalStepTally.20210405_153835.001|Scenario1|Activity 1 (addArray1)|# 17|base.save(var,value)      - PASS stored '' as ${countries}
2021-04-05 15:38:49.916|I|Thread-2|wrongTotalStepTally.20210405_153835.001|Scenario1|Activity 1 (addArray1)|# 18|base.save(var,value)      - executing save(var,value)(size, $(array|length|list1))
2021-04-05 15:38:49.918|I|Thread-2|wrongTotalStepTally.20210405_153835.001|Scenario1|Activity 1 (addArray1)|# 18|base.save(var,value)      - PASS stored '1' as ${size}
2021-04-05 15:38:50.520|I|Thread-2|wrongTotalStepTally.20210405_153835.001|Scenario1|Activity 1 (addArray1)|# 19|base.section(steps)       - executing section(steps)(2)
2021-04-05 15:38:50.521|I|Thread-2|evaluating flow control:	ProceedIf(false = false)		=> NOT MATCHED
2021-04-05 15:38:50.521|I|Thread-2|wrongTotalStepTally.20210405_153835.001|Scenario1|Activity 1 (addArray1)|# 19|base.section(steps)       - SKIPPED current step skipped: NOT TRUE(false)
2021-04-05 15:38:50.528|I|Thread-2|wrongTotalStepTally.20210405_153835.001|Scenario1|Activity 1 (addArray1)|# 20|base.save(var,value)      - SKIPPED current step skipped due to the enclosing section command being skipped
2021-04-05 15:38:50.533|I|Thread-2|wrongTotalStepTally.20210405_153835.001|Scenario1|Activity 1 (addArray1)|# 21|base.section(steps)       - SKIPPED current step skipped due to the enclosing section command being skipped
2021-04-05 15:38:50.540|I|Thread-2|wrongTotalStepTally.20210405_153835.001|Scenario1|Activity 1 (addArray1)|# 22|base.verbose(text)        - SKIPPED current step skipped due to the enclosing section command being skipped
2021-04-05 15:38:50.542|I|Thread-2|wrongTotalStepTally.20210405_153835.001|Scenario1|Activity 1|# 10|base.macro(file,sheet,nam - [repeat-until] PASS Macro successfully executed
2021-04-05 15:38:50.544|I|Thread-2|wrongTotalStepTally.20210405_153835.001|Scenario1|Activity 1|# 11|base.verbose(text)        - executing verbose(text)(Nothing is changed)
2021-04-05 15:38:50.546|I|Thread-2|wrongTotalStepTally.20210405_153835.001|Scenario1|Activity 1|# 11|base.verbose(text)        - 
Nothing is changed
2021-04-05 15:38:50.547|I|Thread-2|wrongTotalStepTally.20210405_153835.001|Scenario1|Activity 1|# 11|base.verbose(text)        - [repeat-until] PASS Nothing is changed
2021-04-05 15:38:50.548|I|Thread-2|wrongTotalStepTally.20210405_153835.001|Scenario1|Activity 1|# 12|number.increment(var,amou - executing increment(var,amount)(count, 1)
2021-04-05 15:38:50.551|I|Thread-2|wrongTotalStepTally.20210405_153835.001|Scenario1|Activity 1|# 12|number.increment(var,amou - [repeat-until] PASS incremented ${count} by 1 to 4
2021-04-05 15:38:50.552|I|Thread-2|wrongTotalStepTally.20210405_153835.001|Scenario1|Activity 1|#  9|base.assertEqual(expected - 
<[repeat-until] entering loop #5 --------------------------------------------->
2021-04-05 15:38:50.553|I|Thread-2|wrongTotalStepTally.20210405_153835.001|Scenario1|Activity 1|#  9|base.assertEqual(expected - executing assertEqual(expected,actual)(${count}, 4)
2021-04-05 15:38:50.561|I|Thread-2|wrongTotalStepTally.20210405_153835.001|Scenario1|Activity 1|#  8|base.repeatUntil(steps,ma - PASS repeat-until execution completed
2021-04-05 15:38:50.566|I|Thread-2|wrongTotalStepTally.20210405_153835.001|Scenario1|Activity 1 - ending activity
2021-04-05 15:38:51.374|I|Thread-2|[wrongTotalStepTally.20210405_153835.001|Scenario1] saving test scenario
2021-04-05 15:38:51.500|I|Thread-2|[20210405_153830] 
/-ITERATION COMPLETE------------------------------------------------------------
| Test Output:    C:\projects\macro\output\20210405_153830\wrongTotalStepTally.20210405_153835.001.xlsx
| Iteration:      1
\-------------------------------------------------------------------------------
» Execution Time: 14260 ms
» Test Steps:     3
» Error(s):       0



2021-04-05 15:38:53.116|I|Thread-2|[20210405_153830] 
/-SCRIPT COMPLETE---------------------------------------------------------------
| Test Script:    C:\projects\macro\artifact\script\wrongTotalStepTally.xlsx
\-------------------------------------------------------------------------------
» Execution Time: 19919 ms
» Iterations:     [1] total 1
» Test Steps:     3
» Passed:         3
» Error(s):       0
» Iteration 1 of 1: C:\projects\macro\output\20210405_153830\wrongTotalStepTally.20210405_153835.001.xlsx



2021-04-05 15:38:53.116|I|Thread-2|nexial mailer not enabled: nexial.enableEmail=false
2021-04-05 15:38:53.189|I|main|[20210405_153830] [C:\projects\macro\artifact\script\wrongTotalStepTally.xlsx] now completed
2021-04-05 15:38:53.189|I|main|[20210405_153830] all execution thread(s) have terminated
2021-04-05 15:38:53.190|I|main|[20210405_153830] test run completed in about 22 seconds
2021-04-05 15:38:53.591|I|main|No predefined nexial-setup found
2021-04-05 15:38:53.690|I|main|outputBase not set; output-to-cloud DISABLED!
2021-04-05 15:38:53.690|I|main|accessKey not set; output-to-cloud DISABLED!
2021-04-05 15:38:53.691|I|main|secretKey not set; output-to-cloud DISABLED!
2021-04-05 15:38:53.691|I|main|generating HTML output for this execution to C:\projects\macro\output\20210405_153830\execution-output.html
2021-04-05 15:38:55.471|I|main|generating JUnit XML output for this execution to C:\projects\macro\output\20210405_153830\junit.xml
2021-04-05 15:38:55.530|I|main|generated JUnit report for this execution: C:\projects\macro\output\20210405_153830\junit.xml
2021-04-05 15:38:55.535|I|main|nexial mailer not enabled: nexial.enableEmail=false
2021-04-05 15:38:55.535|I|main|skipped email notification as configured
2021-04-05 15:38:55.535|I|main|exiting Nexial...
2021-04-05 15:38:55.535|I|main|shutdown starts...
2021-04-05 15:38:55.535|I|main|shutdown ends...
2021-04-05 15:38:55.536|I|main|

/-END OF EXECUTION--------------------------------------------------------------
| » Execution Time: 20 sec.
| » Test Steps....: 3
| » Passed........: 3
| » Failed........: 0
| » Success Rate..: 100.00%
\--------------------------------------------------------------------nexial-DEV-

2021-04-05 15:38:55.536|I|main|ALL PASSED!
2021-04-05 15:38:55.536|I|main|End of Execution:
NEXIAL_OUTPUT:         C:\projects\macro\output\20210405_153830
NEXIAL_EXECUTION_HTML: C:\projects\macro\output\20210405_153830\execution-output.html
NEXIAL_JUNIT_XML:      C:\projects\macro\output\20210405_153830\junit.xml
NEXIAL_SUCCESS_RATE:   100.00%
NEXIAL_EXIT_STATUS:    0
