2021-04-05 14:51:02.032|I|Thread-2|(DELAYED) nexial-DEV starting up...
2021-04-05 14:51:02.038|I|Thread-2|(DELAYED) cleaning up outdated temp files...
2021-04-05 14:51:02.039|I|Thread-2|(DELAYED) data file resolved as C:\Users\AL3097\AppData\Local\Temp\eWtMw\wrongTotalStepTally.data.xlsx
2021-04-05 14:51:02.039|I|Thread-2|(DELAYED) skipping data name in ROW 8 since it's disabled
2021-04-05 14:51:02.039|I|Thread-2|(DELAYED) skipping data name in ROW 8 since it's disabled
2021-04-05 14:51:02.039|I|Thread-2|(DELAYED) input files and output directory resolved...
2021-04-05 14:51:02.039|I|Thread-2|(DELAYED) No predefined nexial-setup found
2021-04-05 14:51:02.061|I|Thread-2|(DELAYED) re-fetching data from C:\projects\macro\artifact\data\wrongTotalStepTally.data.xlsx
2021-04-05 14:51:02.061|I|Thread-2|(DELAYED) skipping data name in ROW 8 since it's disabled
2021-04-05 14:51:02.061|I|Thread-2|(DELAYED) skipping data name in ROW 8 since it's disabled
2021-04-05 14:51:02.061|I|Thread-2|(DELAYED) [20210405_145059] [C:\projects\macro\artifact\script\wrongTotalStepTally.xlsx] resolve RUN ID as 20210405_145059
2021-04-05 14:51:02.061|I|Thread-2|(DELAYED) [20210405_145059] [C:\projects\macro\artifact\script\wrongTotalStepTally.xlsx] new thread started
2021-04-05 14:51:02.061|I|Thread-2|No predefined nexial-setup found
2021-04-05 14:51:02.770|I|Thread-2|outputBase not set; output-to-cloud DISABLED!
2021-04-05 14:51:02.770|I|Thread-2|accessKey not set; output-to-cloud DISABLED!
2021-04-05 14:51:02.770|I|Thread-2|secretKey not set; output-to-cloud DISABLED!
2021-04-05 14:51:03.340|I|Thread-2|missing REQUIRED configuration; sms DISABLED!
2021-04-05 14:51:04.332|I|Thread-2|On-Demand Inspection detection enabled
2021-04-05 14:51:04.333|I|Thread-2|[20210405_145059] executing C:\projects\macro\artifact\script\wrongTotalStepTally.xlsx with 1 iteration(s)
2021-04-05 14:51:04.336|I|Thread-2|[20210405_145059] create directory C:\projects\macro\output\20210405_145059\captures
2021-04-05 14:51:04.337|I|Thread-2|[20210405_145059] create directory C:\projects\macro\output\20210405_145059\logs
2021-04-05 14:51:04.671|I|Thread-2|[20210405_145059] merging test data to tmp file C:\projects\macro\output\20210405_145059\wrongTotalStepTally.20210405_145104.001.xlsx
2021-04-05 14:51:04.672|I|Thread-2|re-fetching data from C:\projects\macro\artifact\data\wrongTotalStepTally.data.xlsx
2021-04-05 14:51:04.762|I|Thread-2|skipping data name in ROW 8 since it's disabled
2021-04-05 14:51:04.917|I|Thread-2|skipping data name in ROW 8 since it's disabled
2021-04-05 14:51:05.608|I|Thread-2|[20210405_145059] test script and test data merged to C:\projects\macro\output\20210405_145059\wrongTotalStepTally.20210405_145104.001.xlsx
2021-04-05 14:51:06.358|I|Thread-2|STARTS
2021-04-05 14:51:06.401|I|Thread-2|wrongTotalStepTally.20210405_145104.001 - executing iteration #1 of 1; Iteration Id 1
2021-04-05 14:51:06.408|I|Thread-2|wrongTotalStepTally.20210405_145104.001|Scenario1 - executing test scenario
2021-04-05 14:51:06.409|I|Thread-2|wrongTotalStepTally.20210405_145104.001|Scenario1|Activity 1 - executing activity
2021-04-05 14:51:07.012|I|Thread-2|wrongTotalStepTally.20210405_145104.001|Scenario1|Activity 1|#  5|base.macro(file,sheet,nam - executing macro(file,sheet,name)(repeatUntil.xlsx, repeatUntilEx, addArray)
2021-04-05 14:51:07.834|I|Thread-2|wrongTotalStepTally.20210405_145104.001|Scenario1|Activity 1 (addArray)|#  6|base.save(var,value)      - executing save(var,value)(list1, Canada,Australia,USA,India,Russia,UK)
2021-04-05 14:51:07.844|I|Thread-2|wrongTotalStepTally.20210405_145104.001|Scenario1|Activity 1 (addArray)|#  6|base.save(var,value)      - PASS stored 'Canada,Australia,USA,India,Russia,UK' as ${list1}
2021-04-05 14:51:08.446|I|Thread-2|wrongTotalStepTally.20210405_145104.001|Scenario1|Activity 1 (addArray)|#  7|base.save(var,value)      - executing save(var,value)(counter, 0)
2021-04-05 14:51:08.448|I|Thread-2|wrongTotalStepTally.20210405_145104.001|Scenario1|Activity 1 (addArray)|#  7|base.save(var,value)      - PASS stored '0' as ${counter}
2021-04-05 14:51:09.050|I|Thread-2|wrongTotalStepTally.20210405_145104.001|Scenario1|Activity 1 (addArray)|#  8|base.save(var,value)      - executing save(var,value)(countries, )
2021-04-05 14:51:09.052|I|Thread-2|wrongTotalStepTally.20210405_145104.001|Scenario1|Activity 1 (addArray)|#  8|base.save(var,value)      - PASS stored '' as ${countries}
2021-04-05 14:51:09.653|I|Thread-2|wrongTotalStepTally.20210405_145104.001|Scenario1|Activity 1 (addArray)|#  9|base.save(var,value)      - executing save(var,value)(size, $(array|length|list1))
2021-04-05 14:51:09.661|I|Thread-2|wrongTotalStepTally.20210405_145104.001|Scenario1|Activity 1 (addArray)|#  9|base.save(var,value)      - PASS stored '1' as ${size}
2021-04-05 14:51:10.265|I|Thread-2|wrongTotalStepTally.20210405_145104.001|Scenario1|Activity 1 (addArray)|# 10|base.repeatUntil(steps,ma - executing repeatUntil(steps,maxWaitMs)(4, -1)
2021-04-05 14:51:10.265|I|Thread-2|wrongTotalStepTally.20210405_145104.001|Scenario1|Activity 1 (addArray)|# 11|base.assertEqual(expected - 
<[repeat-until] entering loop #1 --------------------------------------------->
2021-04-05 14:51:10.266|I|Thread-2|wrongTotalStepTally.20210405_145104.001|Scenario1|Activity 1 (addArray)|# 11|base.assertEqual(expected - executing assertEqual(expected,actual)(${counter}, ${size})
2021-04-05 14:51:10.269|I|Thread-2|wrongTotalStepTally.20210405_145104.001|Scenario1|Activity 1 (addArray)|# 12|base.save(var,value)      - executing save(var,value)(country, $(array|item|list1|${counter}))
2021-04-05 14:51:10.271|I|Thread-2|wrongTotalStepTally.20210405_145104.001|Scenario1|Activity 1 (addArray)|# 12|base.save(var,value)      - [repeat-until] PASS stored 'list1' as ${country}
2021-04-05 14:51:10.271|I|Thread-2|wrongTotalStepTally.20210405_145104.001|Scenario1|Activity 1 (addArray)|# 13|base.appendText(var,appen - executing appendText(var,appendWith)(countries, ${country},)
2021-04-05 14:51:10.274|I|Thread-2|evaluating flow control:	ProceedIf(list1 start with U)		=> NOT MATCHED
2021-04-05 14:51:10.275|I|Thread-2|wrongTotalStepTally.20210405_145104.001|Scenario1|Activity 1 (addArray)|# 13|base.appendText(var,appen - [repeat-until] SKIPPED current step skipped: NOT TRUE(${country} start with U)
2021-04-05 14:51:10.275|I|Thread-2|wrongTotalStepTally.20210405_145104.001|Scenario1|Activity 1 (addArray)|# 14|number.increment(var,amou - executing increment(var,amount)(counter, 1)
2021-04-05 14:51:10.278|I|Thread-2|wrongTotalStepTally.20210405_145104.001|Scenario1|Activity 1 (addArray)|# 14|number.increment(var,amou - [repeat-until] PASS incremented ${counter} by 1 to 1
2021-04-05 14:51:10.278|I|Thread-2|wrongTotalStepTally.20210405_145104.001|Scenario1|Activity 1 (addArray)|# 11|base.assertEqual(expected - 
<[repeat-until] entering loop #2 --------------------------------------------->
2021-04-05 14:51:10.279|I|Thread-2|wrongTotalStepTally.20210405_145104.001|Scenario1|Activity 1 (addArray)|# 11|base.assertEqual(expected - executing assertEqual(expected,actual)(${counter}, ${size})
2021-04-05 14:51:10.281|I|Thread-2|wrongTotalStepTally.20210405_145104.001|Scenario1|Activity 1 (addArray)|# 10|base.repeatUntil(steps,ma - PASS repeat-until execution completed
2021-04-05 14:51:10.882|I|Thread-2|wrongTotalStepTally.20210405_145104.001|Scenario1|Activity 1 (addArray)|# 15|base.verbose(text)        - executing verbose(text)(${countries})
2021-04-05 14:51:10.882|I|Thread-2|wrongTotalStepTally.20210405_145104.001|Scenario1|Activity 1 (addArray)|# 15|base.verbose(text)        - 

2021-04-05 14:51:10.883|I|Thread-2|wrongTotalStepTally.20210405_145104.001|Scenario1|Activity 1 (addArray)|# 15|base.verbose(text)        - PASS 
2021-04-05 14:51:11.085|I|Thread-2|wrongTotalStepTally.20210405_145104.001|Scenario1|Activity 1|#  5|base.macro(file,sheet,nam - PASS Macro successfully executed
2021-04-05 14:51:11.692|I|Thread-2|wrongTotalStepTally.20210405_145104.001|Scenario1|Activity 1|#  6|base.section(steps)       - executing section(steps)(2)
2021-04-05 14:51:11.693|I|Thread-2|wrongTotalStepTally.20210405_145104.001|Scenario1|Activity 1|#  6|base.section(steps)       - PASS null
2021-04-05 14:51:12.295|I|Thread-2|wrongTotalStepTally.20210405_145104.001|Scenario1|Activity 1|#  7|base.save(var,value)      - executing save(var,value)(count, 0)
2021-04-05 14:51:12.297|I|Thread-2|wrongTotalStepTally.20210405_145104.001|Scenario1|Activity 1|#  7|base.save(var,value)      - PASS stored '0' as ${count}
2021-04-05 14:51:12.897|I|Thread-2|wrongTotalStepTally.20210405_145104.001|Scenario1|Activity 1|#  8|base.repeatUntil(steps,ma - executing repeatUntil(steps,maxWaitMs)(4, -1)
2021-04-05 14:51:12.897|I|Thread-2|wrongTotalStepTally.20210405_145104.001|Scenario1|Activity 1|#  9|base.assertEqual(expected - 
<[repeat-until] entering loop #1 --------------------------------------------->
2021-04-05 14:51:12.898|I|Thread-2|wrongTotalStepTally.20210405_145104.001|Scenario1|Activity 1|#  9|base.assertEqual(expected - executing assertEqual(expected,actual)(${count}, 4)
2021-04-05 14:51:12.898|I|Thread-2|wrongTotalStepTally.20210405_145104.001|Scenario1|Activity 1|# 10|base.macro(file,sheet,nam - executing macro(file,sheet,name)(repeatUntil.xlsx, repeatUntilEx, addArray1)
2021-04-05 14:51:13.677|I|Thread-2|wrongTotalStepTally.20210405_145104.001|Scenario1|Activity 1 (addArray1)|# 16|base.save(var,value)      - executing save(var,value)(list1, Canada,Australia,USA,India,Russia,UK)
2021-04-05 14:51:13.678|I|Thread-2|wrongTotalStepTally.20210405_145104.001|Scenario1|Activity 1 (addArray1)|# 16|base.save(var,value)      - PASS stored 'Canada,Australia,USA,India,Russia,UK' as ${list1}
2021-04-05 14:51:14.279|I|Thread-2|wrongTotalStepTally.20210405_145104.001|Scenario1|Activity 1 (addArray1)|# 17|base.save(var,value)      - executing save(var,value)(countries, )
2021-04-05 14:51:14.279|I|Thread-2|wrongTotalStepTally.20210405_145104.001|Scenario1|Activity 1 (addArray1)|# 17|base.save(var,value)      - PASS stored '' as ${countries}
2021-04-05 14:51:14.880|I|Thread-2|wrongTotalStepTally.20210405_145104.001|Scenario1|Activity 1 (addArray1)|# 18|base.save(var,value)      - executing save(var,value)(size, $(array|length|list1))
2021-04-05 14:51:14.881|I|Thread-2|wrongTotalStepTally.20210405_145104.001|Scenario1|Activity 1 (addArray1)|# 18|base.save(var,value)      - PASS stored '1' as ${size}
2021-04-05 14:51:15.482|I|Thread-2|wrongTotalStepTally.20210405_145104.001|Scenario1|Activity 1 (addArray1)|# 19|base.section(steps)       - executing section(steps)(2)
2021-04-05 14:51:15.482|I|Thread-2|evaluating flow control:	ProceedIf(false = false)		=> NOT MATCHED
2021-04-05 14:51:15.482|I|Thread-2|wrongTotalStepTally.20210405_145104.001|Scenario1|Activity 1 (addArray1)|# 19|base.section(steps)       - SKIPPED current step skipped: NOT TRUE(false)
2021-04-05 14:51:15.486|I|Thread-2|wrongTotalStepTally.20210405_145104.001|Scenario1|Activity 1 (addArray1)|# 20|base.save(var,value)      - SKIPPED current step skipped due to the enclosing section command being skipped
2021-04-05 14:51:15.488|I|Thread-2|wrongTotalStepTally.20210405_145104.001|Scenario1|Activity 1 (addArray1)|# 21|base.section(steps)       - SKIPPED current step skipped due to the enclosing section command being skipped
2021-04-05 14:51:15.491|I|Thread-2|wrongTotalStepTally.20210405_145104.001|Scenario1|Activity 1 (addArray1)|# 22|base.verbose(text)        - SKIPPED current step skipped due to the enclosing section command being skipped
2021-04-05 14:51:15.492|I|Thread-2|wrongTotalStepTally.20210405_145104.001|Scenario1|Activity 1|# 10|base.macro(file,sheet,nam - [repeat-until] PASS Macro successfully executed
2021-04-05 14:51:15.492|I|Thread-2|wrongTotalStepTally.20210405_145104.001|Scenario1|Activity 1|# 11|base.verbose(text)        - executing verbose(text)(Nothing is changed)
2021-04-05 14:51:15.493|I|Thread-2|wrongTotalStepTally.20210405_145104.001|Scenario1|Activity 1|# 11|base.verbose(text)        - 
Nothing is changed
2021-04-05 14:51:15.493|I|Thread-2|wrongTotalStepTally.20210405_145104.001|Scenario1|Activity 1|# 11|base.verbose(text)        - [repeat-until] PASS Nothing is changed
2021-04-05 14:51:15.493|I|Thread-2|wrongTotalStepTally.20210405_145104.001|Scenario1|Activity 1|# 12|number.increment(var,amou - executing increment(var,amount)(count, 1)
2021-04-05 14:51:15.494|I|Thread-2|wrongTotalStepTally.20210405_145104.001|Scenario1|Activity 1|# 12|number.increment(var,amou - [repeat-until] PASS incremented ${count} by 1 to 1
2021-04-05 14:51:15.495|I|Thread-2|wrongTotalStepTally.20210405_145104.001|Scenario1|Activity 1|#  9|base.assertEqual(expected - 
<[repeat-until] entering loop #2 --------------------------------------------->
2021-04-05 14:51:15.495|I|Thread-2|wrongTotalStepTally.20210405_145104.001|Scenario1|Activity 1|#  9|base.assertEqual(expected - executing assertEqual(expected,actual)(${count}, 4)
2021-04-05 14:51:15.496|I|Thread-2|wrongTotalStepTally.20210405_145104.001|Scenario1|Activity 1|# 10|base.macro(file,sheet,nam - executing macro(file,sheet,name)(repeatUntil.xlsx, repeatUntilEx, addArray1)
2021-04-05 14:51:16.293|I|Thread-2|wrongTotalStepTally.20210405_145104.001|Scenario1|Activity 1 (addArray1)|# 16|base.save(var,value)      - executing save(var,value)(list1, Canada,Australia,USA,India,Russia,UK)
2021-04-05 14:51:16.293|I|Thread-2|wrongTotalStepTally.20210405_145104.001|Scenario1|Activity 1 (addArray1)|# 16|base.save(var,value)      - PASS stored 'Canada,Australia,USA,India,Russia,UK' as ${list1}
2021-04-05 14:51:16.894|I|Thread-2|wrongTotalStepTally.20210405_145104.001|Scenario1|Activity 1 (addArray1)|# 17|base.save(var,value)      - executing save(var,value)(countries, )
2021-04-05 14:51:16.894|I|Thread-2|wrongTotalStepTally.20210405_145104.001|Scenario1|Activity 1 (addArray1)|# 17|base.save(var,value)      - PASS stored '' as ${countries}
2021-04-05 14:51:17.495|I|Thread-2|wrongTotalStepTally.20210405_145104.001|Scenario1|Activity 1 (addArray1)|# 18|base.save(var,value)      - executing save(var,value)(size, $(array|length|list1))
2021-04-05 14:51:17.495|I|Thread-2|wrongTotalStepTally.20210405_145104.001|Scenario1|Activity 1 (addArray1)|# 18|base.save(var,value)      - PASS stored '1' as ${size}
2021-04-05 14:51:18.096|I|Thread-2|wrongTotalStepTally.20210405_145104.001|Scenario1|Activity 1 (addArray1)|# 19|base.section(steps)       - executing section(steps)(2)
2021-04-05 14:51:18.096|I|Thread-2|evaluating flow control:	ProceedIf(false = false)		=> NOT MATCHED
2021-04-05 14:51:18.096|I|Thread-2|wrongTotalStepTally.20210405_145104.001|Scenario1|Activity 1 (addArray1)|# 19|base.section(steps)       - SKIPPED current step skipped: NOT TRUE(false)
2021-04-05 14:51:18.100|I|Thread-2|wrongTotalStepTally.20210405_145104.001|Scenario1|Activity 1 (addArray1)|# 20|base.save(var,value)      - SKIPPED current step skipped due to the enclosing section command being skipped
2021-04-05 14:51:18.103|I|Thread-2|wrongTotalStepTally.20210405_145104.001|Scenario1|Activity 1 (addArray1)|# 21|base.section(steps)       - SKIPPED current step skipped due to the enclosing section command being skipped
2021-04-05 14:51:18.105|I|Thread-2|wrongTotalStepTally.20210405_145104.001|Scenario1|Activity 1 (addArray1)|# 22|base.verbose(text)        - SKIPPED current step skipped due to the enclosing section command being skipped
2021-04-05 14:51:18.106|I|Thread-2|wrongTotalStepTally.20210405_145104.001|Scenario1|Activity 1|# 10|base.macro(file,sheet,nam - [repeat-until] PASS Macro successfully executed
2021-04-05 14:51:18.107|I|Thread-2|wrongTotalStepTally.20210405_145104.001|Scenario1|Activity 1|# 11|base.verbose(text)        - executing verbose(text)(Nothing is changed)
2021-04-05 14:51:18.107|I|Thread-2|wrongTotalStepTally.20210405_145104.001|Scenario1|Activity 1|# 11|base.verbose(text)        - 
Nothing is changed
2021-04-05 14:51:18.108|I|Thread-2|wrongTotalStepTally.20210405_145104.001|Scenario1|Activity 1|# 11|base.verbose(text)        - [repeat-until] PASS Nothing is changed
2021-04-05 14:51:18.108|I|Thread-2|wrongTotalStepTally.20210405_145104.001|Scenario1|Activity 1|# 12|number.increment(var,amou - executing increment(var,amount)(count, 1)
2021-04-05 14:51:18.109|I|Thread-2|wrongTotalStepTally.20210405_145104.001|Scenario1|Activity 1|# 12|number.increment(var,amou - [repeat-until] PASS incremented ${count} by 1 to 2
2021-04-05 14:51:18.109|I|Thread-2|wrongTotalStepTally.20210405_145104.001|Scenario1|Activity 1|#  9|base.assertEqual(expected - 
<[repeat-until] entering loop #3 --------------------------------------------->
2021-04-05 14:51:18.109|I|Thread-2|wrongTotalStepTally.20210405_145104.001|Scenario1|Activity 1|#  9|base.assertEqual(expected - executing assertEqual(expected,actual)(${count}, 4)
2021-04-05 14:51:18.110|I|Thread-2|wrongTotalStepTally.20210405_145104.001|Scenario1|Activity 1|# 10|base.macro(file,sheet,nam - executing macro(file,sheet,name)(repeatUntil.xlsx, repeatUntilEx, addArray1)
2021-04-05 14:51:18.918|I|Thread-2|wrongTotalStepTally.20210405_145104.001|Scenario1|Activity 1 (addArray1)|# 16|base.save(var,value)      - executing save(var,value)(list1, Canada,Australia,USA,India,Russia,UK)
2021-04-05 14:51:18.918|I|Thread-2|wrongTotalStepTally.20210405_145104.001|Scenario1|Activity 1 (addArray1)|# 16|base.save(var,value)      - PASS stored 'Canada,Australia,USA,India,Russia,UK' as ${list1}
2021-04-05 14:51:19.519|I|Thread-2|wrongTotalStepTally.20210405_145104.001|Scenario1|Activity 1 (addArray1)|# 17|base.save(var,value)      - executing save(var,value)(countries, )
2021-04-05 14:51:19.519|I|Thread-2|wrongTotalStepTally.20210405_145104.001|Scenario1|Activity 1 (addArray1)|# 17|base.save(var,value)      - PASS stored '' as ${countries}
2021-04-05 14:51:20.120|I|Thread-2|wrongTotalStepTally.20210405_145104.001|Scenario1|Activity 1 (addArray1)|# 18|base.save(var,value)      - executing save(var,value)(size, $(array|length|list1))
2021-04-05 14:51:20.120|I|Thread-2|wrongTotalStepTally.20210405_145104.001|Scenario1|Activity 1 (addArray1)|# 18|base.save(var,value)      - PASS stored '1' as ${size}
2021-04-05 14:51:20.721|I|Thread-2|wrongTotalStepTally.20210405_145104.001|Scenario1|Activity 1 (addArray1)|# 19|base.section(steps)       - executing section(steps)(2)
2021-04-05 14:51:20.721|I|Thread-2|evaluating flow control:	ProceedIf(false = false)		=> NOT MATCHED
2021-04-05 14:51:20.721|I|Thread-2|wrongTotalStepTally.20210405_145104.001|Scenario1|Activity 1 (addArray1)|# 19|base.section(steps)       - SKIPPED current step skipped: NOT TRUE(false)
2021-04-05 14:51:20.725|I|Thread-2|wrongTotalStepTally.20210405_145104.001|Scenario1|Activity 1 (addArray1)|# 20|base.save(var,value)      - SKIPPED current step skipped due to the enclosing section command being skipped
2021-04-05 14:51:20.727|I|Thread-2|wrongTotalStepTally.20210405_145104.001|Scenario1|Activity 1 (addArray1)|# 21|base.section(steps)       - SKIPPED current step skipped due to the enclosing section command being skipped
2021-04-05 14:51:20.729|I|Thread-2|wrongTotalStepTally.20210405_145104.001|Scenario1|Activity 1 (addArray1)|# 22|base.verbose(text)        - SKIPPED current step skipped due to the enclosing section command being skipped
2021-04-05 14:51:20.730|I|Thread-2|wrongTotalStepTally.20210405_145104.001|Scenario1|Activity 1|# 10|base.macro(file,sheet,nam - [repeat-until] PASS Macro successfully executed
2021-04-05 14:51:20.730|I|Thread-2|wrongTotalStepTally.20210405_145104.001|Scenario1|Activity 1|# 11|base.verbose(text)        - executing verbose(text)(Nothing is changed)
2021-04-05 14:51:20.731|I|Thread-2|wrongTotalStepTally.20210405_145104.001|Scenario1|Activity 1|# 11|base.verbose(text)        - 
Nothing is changed
2021-04-05 14:51:20.731|I|Thread-2|wrongTotalStepTally.20210405_145104.001|Scenario1|Activity 1|# 11|base.verbose(text)        - [repeat-until] PASS Nothing is changed
2021-04-05 14:51:20.732|I|Thread-2|wrongTotalStepTally.20210405_145104.001|Scenario1|Activity 1|# 12|number.increment(var,amou - executing increment(var,amount)(count, 1)
2021-04-05 14:51:20.732|I|Thread-2|wrongTotalStepTally.20210405_145104.001|Scenario1|Activity 1|# 12|number.increment(var,amou - [repeat-until] PASS incremented ${count} by 1 to 3
2021-04-05 14:51:20.733|I|Thread-2|wrongTotalStepTally.20210405_145104.001|Scenario1|Activity 1|#  9|base.assertEqual(expected - 
<[repeat-until] entering loop #4 --------------------------------------------->
2021-04-05 14:51:20.733|I|Thread-2|wrongTotalStepTally.20210405_145104.001|Scenario1|Activity 1|#  9|base.assertEqual(expected - executing assertEqual(expected,actual)(${count}, 4)
2021-04-05 14:51:20.733|I|Thread-2|wrongTotalStepTally.20210405_145104.001|Scenario1|Activity 1|# 10|base.macro(file,sheet,nam - executing macro(file,sheet,name)(repeatUntil.xlsx, repeatUntilEx, addArray1)
2021-04-05 14:51:21.484|I|Thread-2|wrongTotalStepTally.20210405_145104.001|Scenario1|Activity 1 (addArray1)|# 16|base.save(var,value)      - executing save(var,value)(list1, Canada,Australia,USA,India,Russia,UK)
2021-04-05 14:51:21.487|I|Thread-2|wrongTotalStepTally.20210405_145104.001|Scenario1|Activity 1 (addArray1)|# 16|base.save(var,value)      - PASS stored 'Canada,Australia,USA,India,Russia,UK' as ${list1}
2021-04-05 14:51:22.087|I|Thread-2|wrongTotalStepTally.20210405_145104.001|Scenario1|Activity 1 (addArray1)|# 17|base.save(var,value)      - executing save(var,value)(countries, )
2021-04-05 14:51:22.088|I|Thread-2|wrongTotalStepTally.20210405_145104.001|Scenario1|Activity 1 (addArray1)|# 17|base.save(var,value)      - PASS stored '' as ${countries}
2021-04-05 14:51:22.689|I|Thread-2|wrongTotalStepTally.20210405_145104.001|Scenario1|Activity 1 (addArray1)|# 18|base.save(var,value)      - executing save(var,value)(size, $(array|length|list1))
2021-04-05 14:51:22.690|I|Thread-2|wrongTotalStepTally.20210405_145104.001|Scenario1|Activity 1 (addArray1)|# 18|base.save(var,value)      - PASS stored '1' as ${size}
2021-04-05 14:51:23.291|I|Thread-2|wrongTotalStepTally.20210405_145104.001|Scenario1|Activity 1 (addArray1)|# 19|base.section(steps)       - executing section(steps)(2)
2021-04-05 14:51:23.292|I|Thread-2|evaluating flow control:	ProceedIf(false = false)		=> NOT MATCHED
2021-04-05 14:51:23.292|I|Thread-2|wrongTotalStepTally.20210405_145104.001|Scenario1|Activity 1 (addArray1)|# 19|base.section(steps)       - SKIPPED current step skipped: NOT TRUE(false)
2021-04-05 14:51:23.304|I|Thread-2|wrongTotalStepTally.20210405_145104.001|Scenario1|Activity 1 (addArray1)|# 20|base.save(var,value)      - SKIPPED current step skipped due to the enclosing section command being skipped
2021-04-05 14:51:23.310|I|Thread-2|wrongTotalStepTally.20210405_145104.001|Scenario1|Activity 1 (addArray1)|# 21|base.section(steps)       - SKIPPED current step skipped due to the enclosing section command being skipped
2021-04-05 14:51:23.314|I|Thread-2|wrongTotalStepTally.20210405_145104.001|Scenario1|Activity 1 (addArray1)|# 22|base.verbose(text)        - SKIPPED current step skipped due to the enclosing section command being skipped
2021-04-05 14:51:23.315|I|Thread-2|wrongTotalStepTally.20210405_145104.001|Scenario1|Activity 1|# 10|base.macro(file,sheet,nam - [repeat-until] PASS Macro successfully executed
2021-04-05 14:51:23.316|I|Thread-2|wrongTotalStepTally.20210405_145104.001|Scenario1|Activity 1|# 11|base.verbose(text)        - executing verbose(text)(Nothing is changed)
2021-04-05 14:51:23.317|I|Thread-2|wrongTotalStepTally.20210405_145104.001|Scenario1|Activity 1|# 11|base.verbose(text)        - 
Nothing is changed
2021-04-05 14:51:23.318|I|Thread-2|wrongTotalStepTally.20210405_145104.001|Scenario1|Activity 1|# 11|base.verbose(text)        - [repeat-until] PASS Nothing is changed
2021-04-05 14:51:23.319|I|Thread-2|wrongTotalStepTally.20210405_145104.001|Scenario1|Activity 1|# 12|number.increment(var,amou - executing increment(var,amount)(count, 1)
2021-04-05 14:51:23.320|I|Thread-2|wrongTotalStepTally.20210405_145104.001|Scenario1|Activity 1|# 12|number.increment(var,amou - [repeat-until] PASS incremented ${count} by 1 to 4
2021-04-05 14:51:23.321|I|Thread-2|wrongTotalStepTally.20210405_145104.001|Scenario1|Activity 1|#  9|base.assertEqual(expected - 
<[repeat-until] entering loop #5 --------------------------------------------->
2021-04-05 14:51:23.322|I|Thread-2|wrongTotalStepTally.20210405_145104.001|Scenario1|Activity 1|#  9|base.assertEqual(expected - executing assertEqual(expected,actual)(${count}, 4)
2021-04-05 14:51:23.325|I|Thread-2|wrongTotalStepTally.20210405_145104.001|Scenario1|Activity 1|#  8|base.repeatUntil(steps,ma - PASS repeat-until execution completed
2021-04-05 14:51:23.330|I|Thread-2|wrongTotalStepTally.20210405_145104.001|Scenario1|Activity 1 - ending activity
2021-04-05 14:51:24.610|I|Thread-2|[wrongTotalStepTally.20210405_145104.001|Scenario1] saving test scenario
2021-04-05 14:51:24.775|I|Thread-2|[20210405_145059] 
/-ITERATION COMPLETE------------------------------------------------------------
| Test Output:    C:\projects\macro\output\20210405_145059\wrongTotalStepTally.20210405_145104.001.xlsx
| Iteration:      1
\-------------------------------------------------------------------------------
» Execution Time: 18370 ms
» Test Steps:     -6
» Error(s):       0



2021-04-05 14:51:26.313|I|Thread-2|[20210405_145059] 
/-SCRIPT COMPLETE---------------------------------------------------------------
| Test Script:    C:\projects\macro\artifact\script\wrongTotalStepTally.xlsx
\-------------------------------------------------------------------------------
» Execution Time: 24568 ms
» Iterations:     [1] total 1
» Test Steps:     -6
» Passed:         10
» Error(s):       0
» Iteration 1 of 1: C:\projects\macro\output\20210405_145059\wrongTotalStepTally.20210405_145104.001.xlsx



2021-04-05 14:51:26.313|I|Thread-2|nexial mailer not enabled: nexial.enableEmail=false
2021-04-05 14:51:26.858|I|main|[20210405_145059] [C:\projects\macro\artifact\script\wrongTotalStepTally.xlsx] now completed
2021-04-05 14:51:26.859|I|main|[20210405_145059] all execution thread(s) have terminated
2021-04-05 14:51:26.859|I|main|[20210405_145059] test run completed in about 27 seconds
2021-04-05 14:51:27.056|I|main|No predefined nexial-setup found
2021-04-05 14:51:27.094|I|main|outputBase not set; output-to-cloud DISABLED!
2021-04-05 14:51:27.094|I|main|accessKey not set; output-to-cloud DISABLED!
2021-04-05 14:51:27.094|I|main|secretKey not set; output-to-cloud DISABLED!
2021-04-05 14:51:27.095|I|main|generating HTML output for this execution to C:\projects\macro\output\20210405_145059\execution-output.html
2021-04-05 14:51:28.766|I|main|generating JUnit XML output for this execution to C:\projects\macro\output\20210405_145059\junit.xml
2021-04-05 14:51:28.817|I|main|generated JUnit report for this execution: C:\projects\macro\output\20210405_145059\junit.xml
2021-04-05 14:51:28.821|I|main|nexial mailer not enabled: nexial.enableEmail=false
2021-04-05 14:51:28.822|I|main|skipped email notification as configured
2021-04-05 14:51:28.822|I|main|exiting Nexial...
2021-04-05 14:51:28.822|I|main|shutdown starts...
2021-04-05 14:51:28.822|I|main|shutdown ends...
2021-04-05 14:51:28.822|I|main|

/-END OF EXECUTION--------------------------------------------------------------
| » Execution Time: 25 sec.
| » Test Steps....: 10
| » Passed........: 10
| » Failed........: 0
| » Success Rate..: 100.00%
\--------------------------------------------------------------------nexial-DEV-

2021-04-05 14:51:28.822|I|main|ALL PASSED!
2021-04-05 14:51:28.823|I|main|End of Execution:
NEXIAL_OUTPUT:         C:\projects\macro\output\20210405_145059
NEXIAL_EXECUTION_HTML: C:\projects\macro\output\20210405_145059\execution-output.html
NEXIAL_JUNIT_XML:      C:\projects\macro\output\20210405_145059\junit.xml
NEXIAL_SUCCESS_RATE:   100.00%
NEXIAL_EXIT_STATUS:    0
