2021-03-23 13:06:05.944|I|Thread-2|(DELAYED) nexial-DEV starting up...
2021-03-23 13:06:05.951|I|Thread-2|(DELAYED) cleaning up outdated temp files...
2021-03-23 13:06:05.951|I|Thread-2|(DELAYED) data file resolved as C:\Users\AL3097\AppData\Local\Temp\MeZGX\wrongTotalStepTally.data.xlsx
2021-03-23 13:06:05.951|I|Thread-2|(DELAYED) skipping data name in ROW 8 since it's disabled
2021-03-23 13:06:05.951|I|Thread-2|(DELAYED) skipping data name in ROW 8 since it's disabled
2021-03-23 13:06:05.951|I|Thread-2|(DELAYED) input files and output directory resolved...
2021-03-23 13:06:05.951|I|Thread-2|(DELAYED) No predefined nexial-setup found
2021-03-23 13:06:05.952|I|Thread-2|(DELAYED) re-fetching data from C:\projects\macro\artifact\data\wrongTotalStepTally.data.xlsx
2021-03-23 13:06:05.952|I|Thread-2|(DELAYED) skipping data name in ROW 8 since it's disabled
2021-03-23 13:06:05.952|I|Thread-2|(DELAYED) skipping data name in ROW 8 since it's disabled
2021-03-23 13:06:05.952|I|Thread-2|(DELAYED) [20210323_130601] [C:\projects\macro\artifact\script\wrongTotalStepTally.xlsx] resolve RUN ID as 20210323_130601
2021-03-23 13:06:05.952|I|Thread-2|(DELAYED) [20210323_130601] [C:\projects\macro\artifact\script\wrongTotalStepTally.xlsx] new thread started
2021-03-23 13:06:05.952|I|Thread-2|No predefined nexial-setup found
2021-03-23 13:06:06.902|I|Thread-2|outputBase not set; output-to-cloud DISABLED!
2021-03-23 13:06:06.902|I|Thread-2|accessKey not set; output-to-cloud DISABLED!
2021-03-23 13:06:06.902|I|Thread-2|secretKey not set; output-to-cloud DISABLED!
2021-03-23 13:06:07.482|I|Thread-2|missing REQUIRED configuration; sms DISABLED!
2021-03-23 13:06:10.553|I|Thread-2|On-Demand Inspection detection enabled
2021-03-23 13:06:10.555|I|Thread-2|[20210323_130601] executing C:\projects\macro\artifact\script\wrongTotalStepTally.xlsx with 1 iteration(s)
2021-03-23 13:06:10.577|I|Thread-2|[20210323_130601] create directory C:\projects\macro\output\20210323_130601\captures
2021-03-23 13:06:10.579|I|Thread-2|[20210323_130601] create directory C:\projects\macro\output\20210323_130601\logs
2021-03-23 13:06:11.063|I|Thread-2|[20210323_130601] merging test data to tmp file C:\projects\macro\output\20210323_130601\wrongTotalStepTally.20210323_130610.001.xlsx
2021-03-23 13:06:11.065|I|Thread-2|re-fetching data from C:\projects\macro\artifact\data\wrongTotalStepTally.data.xlsx
2021-03-23 13:06:11.159|I|Thread-2|skipping data name in ROW 8 since it's disabled
2021-03-23 13:06:11.304|I|Thread-2|skipping data name in ROW 8 since it's disabled
2021-03-23 13:06:12.252|I|Thread-2|[20210323_130601] test script and test data merged to C:\projects\macro\output\20210323_130601\wrongTotalStepTally.20210323_130610.001.xlsx
2021-03-23 13:06:13.175|I|Thread-2|STARTS
2021-03-23 13:06:13.437|I|Thread-2|wrongTotalStepTally.20210323_130610.001 - executing iteration #1 of 1; Iteration Id 1
2021-03-23 13:06:13.462|I|Thread-2|wrongTotalStepTally.20210323_130610.001|Scenario1 - executing test scenario
2021-03-23 13:06:13.464|I|Thread-2|wrongTotalStepTally.20210323_130610.001|Scenario1|Activity 1 - executing activity
2021-03-23 13:06:14.076|I|Thread-2|wrongTotalStepTally.20210323_130610.001|Scenario1|Activity 1|#  5|base.macro(file,sheet,nam - executing macro(file,sheet,name)(repeatUntil.xlsx, repeatUntilEx, addArray)
2021-03-23 13:06:15.150|E|Thread-2|Check corresponding error log for details: C:\projects\macro\output\20210323_130601\logs\wrongTotalStepTally.20210323_130610.001.xlsx_Scenario1_A5.A5.log
2021-03-23 13:06:15.151|E|Thread-2|wrongTotalStepTally.20210323_130610.001|Scenario1|Activity 1|#  5|base.macro(file,sheet,nam - FAIL invalid filter '${country} starts-with U': does not match required format
2021-03-23 13:06:15.151|E|Thread-2|wrongTotalStepTally.20210323_130610.001|Scenario1|Activity 1|#  5|base.macro(file,sheet,nam - Error log: C:\projects\macro\output\20210323_130601\logs\wrongTotalStepTally.20210323_130610.001.xlsx_Scenario1_A5.A5.log
2021-03-23 13:06:15.153|I|Thread-2|wrongTotalStepTally.20210323_130610.001|Scenario1|Activity 1 - ending activity
2021-03-23 13:06:15.630|I|Thread-2|[wrongTotalStepTally.20210323_130610.001|Scenario1] saving test scenario
2021-03-23 13:06:15.852|I|Thread-2|[20210323_130601] 
/-ITERATION COMPLETE------------------------------------------------------------
| Test Output:    C:\projects\macro\output\20210323_130601\wrongTotalStepTally.20210323_130610.001.xlsx
| Iteration:      1
\-------------------------------------------------------------------------------
» Execution Time: 2412 ms
» Test Steps:     1
» Error(s):       1



2021-03-23 13:06:17.684|I|Thread-2|[20210323_130601] 
/-SCRIPT COMPLETE---------------------------------------------------------------
| Test Script:    C:\projects\macro\artifact\script\wrongTotalStepTally.xlsx
\-------------------------------------------------------------------------------
» Execution Time: 12419 ms
» Iterations:     [1] total 1
» Test Steps:     1
» Passed:         0
» Error(s):       1
» Iteration 1 of 1: C:\projects\macro\output\20210323_130601\wrongTotalStepTally.20210323_130610.001.xlsx



2021-03-23 13:06:17.685|I|Thread-2|nexial mailer not enabled: nexial.enableEmail=false
2021-03-23 13:06:18.221|I|main|[20210323_130601] [C:\projects\macro\artifact\script\wrongTotalStepTally.xlsx] now completed
2021-03-23 13:06:18.221|I|main|[20210323_130601] all execution thread(s) have terminated
2021-03-23 13:06:18.221|I|main|[20210323_130601] test run completed in about 16 seconds
2021-03-23 13:06:18.527|I|main|No predefined nexial-setup found
2021-03-23 13:06:18.612|I|main|outputBase not set; output-to-cloud DISABLED!
2021-03-23 13:06:18.612|I|main|accessKey not set; output-to-cloud DISABLED!
2021-03-23 13:06:18.612|I|main|secretKey not set; output-to-cloud DISABLED!
2021-03-23 13:06:18.612|I|main|generating HTML output for this execution to C:\projects\macro\output\20210323_130601\execution-output.html
2021-03-23 13:06:20.617|I|main|generating JUnit XML output for this execution to C:\projects\macro\output\20210323_130601\junit.xml
2021-03-23 13:06:20.709|I|main|generated JUnit report for this execution: C:\projects\macro\output\20210323_130601\junit.xml
2021-03-23 13:06:20.714|I|main|nexial mailer not enabled: nexial.enableEmail=false
2021-03-23 13:06:20.714|I|main|skipped email notification as configured
2021-03-23 13:06:20.714|I|main|exiting Nexial...
2021-03-23 13:06:20.714|I|main|shutdown starts...
2021-03-23 13:06:20.714|I|main|shutdown ends...
2021-03-23 13:06:20.715|I|main|

/-END OF EXECUTION--------------------------------------------------------------
| » Execution Time: 13 sec.
| » Test Steps....: 1
| » Passed........: 0
| » Failed........: 1
| » Success Rate..: 0.00%
\--------------------------------------------------------------------nexial-DEV-

2021-03-23 13:06:20.715|E|main|failure found; success rate is 0.00%
2021-03-23 13:06:20.715|I|main|End of Execution:
NEXIAL_OUTPUT:         C:\projects\macro\output\20210323_130601
NEXIAL_EXECUTION_HTML: C:\projects\macro\output\20210323_130601\execution-output.html
NEXIAL_JUNIT_XML:      C:\projects\macro\output\20210323_130601\junit.xml
NEXIAL_SUCCESS_RATE:   0.00%
NEXIAL_EXIT_STATUS:    -13
